n/field-penny-cress.jpg
n/field-penny-cress100.jpg
n/field-penny-cress2.jpg
n/field-penny-cress3.jpg
n/field-penny-cress4.jpg
n/field-penny-cress5.jpg
n/field-penny-cress50.jpg
n/field-penny-cress51.jpg
n/field-penny-cress52.jpg
n/field-penny-cress53.jpg
n/field-penny-cress54.jpg
n/field-penny-cress55.jpg
n/field-penny-cress56.jpg
n/field-penny-cress57.jpg
n/field-penny-cress58.jpg
n/field-penny-cress59.jpg
n/field-penny-cress6.jpg
n/field-penny-cress60.jpg
n/field-penny-cress61.jpg
n/field-penny-cress62.jpg
n/field-penny-cress63.jpg
n/field-penny-cress64.jpg
n/field-penny-cress65.jpg
n/field-penny-cress66.jpg
n/field-penny-cress67.jpg
n/field-penny-cress68.jpg
n/field-penny-cress69.jpg
n/field-penny-cress7.jpg
n/field-penny-cress70.jpg
n/field-penny-cress71.jpg
n/field-penny-cress72.jpg
n/field-penny-cress73.jpg
n/field-penny-cress74.jpg
n/field-penny-cress75.jpg
n/field-penny-cress76.jpg
n/field-penny-cress77.jpg
n/field-penny-cress78.jpg
n/field-penny-cress79.jpg
n/field-penny-cress80.jpg
n/field-penny-cress81.jpg
n/field-penny-cress82.jpg
n/field-penny-cress83.jpg
n/field-penny-cress84.jpg
n/field-penny-cress85.jpg
n/field-penny-cress86.jpg
n/field-penny-cress87.jpg
n/field-penny-cress88.jpg
n/field-penny-cress89.jpg
n/field-penny-cress90.jpg
n/field-penny-cress91.jpg
n/field-penny-cress92.jpg
n/field-penny-cress93.jpg
n/field-penny-cress94.jpg
n/field-penny-cress95.jpg
n/field-penny-cress96.jpg
n/field-penny-cress97.jpg
n/field-penny-cress98.jpg
n/field-penny-cress99.jpg
n/pennycress10.jpg
n/pennycress11.jpg
n/pennycress12.jpg
n/pennycress13.jpg
n/pennycress14.jpg
n/pennycress15.jpg
n/pennycress16.jpg
n/pennycress17.jpg
n/pennycress18.jpg
n/pennycress19.jpg
n/pennycress20.jpg
n/pennycress21.jpg
n/pennycress22.jpg
n/pennycress23.jpg
n/pennycress24.jpg
n/pennycress25.jpg
n/pennycress26.jpg
n/pennycress27.jpg
n/pennycress28.jpg
n/pennycress29.jpg
n/pennycress30.jpg
n/pennycress31.jpg
n/pennycress32.jpg
n/pennycress33.jpg
n/pennycress34.jpg
n/pennycress35.jpg
n/pennycress36.jpg
n/pennycress37.jpg
n/pennycress38.jpg
n/pennycress39.jpg
n/pennycress40.jpg
n/pennycress41.jpg
n/pennycress42.jpg
n/pennycress43.jpg
n/pennycress44.jpg
n/pennycress45.jpg
n/pennycress46.jpg
n/pennycress47.jpg
n/pennycress48.jpg
n/pennycress49.jpg
n/pennycress8.jpg
n/pennycress9.jpg
n/Downy-Yellow-Violet.jpg
n/Downy-Yellow-Violet10.jpg
n/Downy-Yellow-Violet11.jpg
n/Downy-Yellow-Violet12.jpg
n/Downy-Yellow-Violet13.jpg
n/Downy-Yellow-Violet14.jpg
n/Downy-Yellow-Violet15.jpg
n/Downy-Yellow-Violet16.jpg
n/Downy-Yellow-Violet17.jpg
n/Downy-Yellow-Violet18.jpg
n/Downy-Yellow-Violet19.jpg
n/Downy-Yellow-Violet2.jpg
n/Downy-Yellow-Violet20.jpg
n/Downy-Yellow-Violet21.jpg
n/Downy-Yellow-Violet22.jpg
n/Downy-Yellow-Violet23.jpg
n/Downy-Yellow-Violet24.jpg
n/Downy-Yellow-Violet25.jpg
n/Downy-Yellow-Violet26.jpg
n/Downy-Yellow-Violet27.jpg
n/Downy-Yellow-Violet28.jpg
n/Downy-Yellow-Violet29.jpg
n/Downy-Yellow-Violet3.jpg
n/Downy-Yellow-Violet30.jpg
n/Downy-Yellow-Violet31.jpg
n/Downy-Yellow-Violet32.jpg
n/Downy-Yellow-Violet33.jpg
n/Downy-Yellow-Violet34.jpg
n/Downy-Yellow-Violet35.jpg
n/Downy-Yellow-Violet36.jpg
n/Downy-Yellow-Violet37.jpg
n/Downy-Yellow-Violet38.jpg
n/Downy-Yellow-Violet39.jpg
n/Downy-Yellow-Violet4.jpg
n/Downy-Yellow-Violet40.jpg
n/Downy-Yellow-Violet41.jpg
n/Downy-Yellow-Violet42.jpg
n/Downy-Yellow-Violet43.jpg
n/Downy-Yellow-Violet44.jpg
n/Downy-Yellow-Violet45.jpg
n/Downy-Yellow-Violet46.jpg
n/Downy-Yellow-Violet47.jpg
n/Downy-Yellow-Violet48.jpg
n/Downy-Yellow-Violet49.jpg
n/Downy-Yellow-Violet5.jpg
n/Downy-Yellow-Violet50.jpg
n/Downy-Yellow-Violet6.jpg
n/Downy-Yellow-Violet7.jpg
n/Downy-Yellow-Violet8.jpg
n/Downy-Yellow-Violet9.jpg
n/Elderberry.jpg
n/Elderberry10.jpg
n/Elderberry100.jpg
n/Elderberry11.jpg
n/Elderberry12.jpg
n/Elderberry13.jpg
n/Elderberry14.jpg
n/Elderberry15.jpg
n/Elderberry16.jpg
n/Elderberry17.jpg
n/Elderberry18.jpg
n/Elderberry19.jpg
n/Elderberry2.jpg
n/Elderberry20.jpg
n/Elderberry21.jpg
n/Elderberry22.jpg
n/Elderberry23.jpg
n/Elderberry24.jpg
n/Elderberry25.jpg
n/Elderberry26.jpg
n/Elderberry27.jpg
n/Elderberry28.jpg
n/Elderberry29.jpg
n/Elderberry3.jpg
n/Elderberry30.jpg
n/Elderberry31.jpg
n/Elderberry32.jpg
n/Elderberry33.jpg
n/Elderberry34.jpg
n/Elderberry35.jpg
n/Elderberry36.jpg
n/Elderberry37.jpg
n/Elderberry38.jpg
n/Elderberry39.jpg
n/Elderberry4.jpg
n/Elderberry40.jpg
n/Elderberry41.jpg
n/Elderberry42.jpg
n/Elderberry43.jpg
n/Elderberry44.jpg
n/Elderberry45.jpg
n/Elderberry46.jpg
n/Elderberry47.jpg
n/Elderberry48.jpg
n/Elderberry49.jpg
n/Elderberry5.jpg
n/Elderberry50.jpg
n/Elderberry51.jpg
n/Elderberry52.jpg
n/Elderberry53.jpg
n/Elderberry54.jpg
n/Elderberry55.jpg
n/Elderberry56.jpg
n/Elderberry57.jpg
n/Elderberry58.jpg
n/Elderberry59.jpg
n/Elderberry6.jpg
n/Elderberry60.jpg
n/Elderberry61.jpg
n/Elderberry62.jpg
n/Elderberry63.jpg
n/Elderberry64.jpg
n/Elderberry65.jpg
n/Elderberry66.jpg
n/Elderberry67.jpg
n/Elderberry68.jpg
n/Elderberry69.jpg
n/Elderberry7.jpg
n/Elderberry70.jpg
n/Elderberry71.jpg
n/Elderberry72.jpg
n/Elderberry73.jpg
n/Elderberry74.jpg
n/Elderberry75.jpg
n/Elderberry76.jpg
n/Elderberry77.jpg
n/Elderberry78.jpg
n/Elderberry79.jpg
n/Elderberry8.jpg
n/Elderberry80.jpg
n/Elderberry81.jpg
n/Elderberry82.jpg
n/Elderberry83.jpg
n/Elderberry84.jpg
n/Elderberry85.jpg
n/Elderberry86.jpg
n/Elderberry87.jpg
n/Elderberry88.jpg
n/Elderberry89.jpg
n/Elderberry9.jpg
n/Elderberry90.jpg
n/Elderberry91.jpg
n/Elderberry92.jpg
n/Elderberry93.jpg
n/Elderberry94.jpg
n/Elderberry95.jpg
n/Elderberry96.jpg
n/Elderberry97.jpg
n/Elderberry98.jpg
n/Elderberry99.jpg
n/5740004086_690a1eef85_n.jpg
n/5765646947_82e95a9cc9_n.jpg
n/5769217520_c90efc3c93_m.jpg
n/5773652803_574b51414f_n.jpg
n/5795159787_ebb51a5e75.jpg
n/5796562389_ae43c83317_m.jpg
n/5809489674_5659b3ae5d_n.jpg
n/5811226952_4650ed70ae_n.jpg
n/5853276960_d08f90fff6.jpg
n/5869147563_66fb88119d.jpg
n/5874818796_3efbb8769d.jpg
n/5876455546_32049e5585.jpg
n/5881907044_92a85a05c8_n.jpg
n/5883162120_dc7274af76_n.jpg
n/5884807222_22f5326ba8_m.jpg
n/5885826924_38fdc6bcaa_n.jpg
n/5896103923_075a988bed_n.jpg
n/5896105367_fa08a65869_n.jpg
n/5896110423_e084b33401_n.jpg
n/5896674046_a4879f718e_n.jpg
n/5896675418_e6ff20a739_n.jpg
n/5896676090_68bb74b1e9_n.jpg
n/5896679822_5f60d35c33_n.jpg
n/5896680664_641de2de5a_n.jpg
n/5904946193_bd1eb1f39d_n.jpg
n/5905502226_bb23bd8fa0_n.jpg
n/5905504340_1d60fa9611_n.jpg
n/5924910021_b6debeb7b5_n.jpg
n/5944315415_2be8abeb2f_m.jpg
n/5948835387_5a98d39eff_m.jpg
n/5973488341_50bdf6cee3_n.jpg
n/5973491805_556bba93cc.jpg
n/5981645737_29eceac291_m.jpg
n/5997702776_c7bc37aa6b_n.jpg
n/6046940312_8faf552f3e_n.jpg
n/6054952060_c88612f3c5_n.jpg
n/6089825811_80f253fbe1.jpg
n/6095817094_3a5b1d793d.jpg
n/6136947177_47ff445eb4_n.jpg
n/6148728633_27afc47b0c_m.jpg
n/6207492986_0ff91f3296.jpg
n/6208851904_9d916ebb32_n.jpg
n/6210664514_f1d211217a.jpg
n/6299498346_b9774b6500.jpg
n/6299910262_336309ffa5_n.jpg
n/6323721068_3d3394af6d_n.jpg
n/6480809573_76a0074b69_n.jpg
n/6480809771_b1e14c5cc2_m.jpg
n/6529588249_d9cbe68aab_n.jpg
n/6596277835_9f86da54bb.jpg
n/6776075110_1ea7a09dd4_n.jpg
n/6864242336_0d12713fe5_n.jpg
n/6884975451_c74f445d69_m.jpg
n/6910811638_aa6f17df23.jpg
n/6950173662_5e9473003e_n.jpg
n/6978826370_7b9aa7c7d5.jpg
n/7066602021_2647457985_m.jpg
n/7133935763_82b17c8e1b_n.jpg
n/7188513571_c8527b123a_n.jpg
n/7189043225_2fe781439a_n.jpg
n/7191221492_610035de7c_m.jpg
n/7199968650_72afc16d31_m.jpg
n/7227973870_806d9d3e42_n.jpg
n/7288989324_c25d9febbf.jpg
n/7320089276_87b544e341.jpg
n/7335886184_d06a83f640.jpg
n/7357072446_c21c38c863_n.jpg
n/7358085448_b317d11cd5.jpg
n/7377004908_5bc0cde347_n.jpg
n/7410356270_9dff4d0e2e_n.jpg
n/7416083788_fcb4c4f27e_n.jpg
n/7454630692_ab2d67dd18_m.jpg
n/7538403124_f2fc48750a.jpg
n/7568630428_8cf0fc16ff_n.jpg
n/7629784968_b953501902_n.jpg
n/7630511450_02d3292e90.jpg
n/7630517248_98fb8bee1f_n.jpg
n/7630520686_e3a61ac763.jpg
n/7633425046_8293e3d0e9_m.jpg
n/7669550908_bc5a11276f_n.jpg
n/7702332000_3f21ef4571_n.jpg
n/7749368884_1fc58c67ff_n.jpg
n/7790614422_4557928ab9_n.jpg
n/7924174040_444d5bbb8a.jpg
n/8008258043_5457dd254b_n.jpg
n/8008629838_c62bb2b016_n.jpg
n/8021540573_c56cf9070d_n.jpg
n/8063844363_db3f4dea85.jpg
n/8071646795_2fdc89ab7a_n.jpg
n/8085329197_41d53a21e2_n.jpg
n/8094774544_35465c1c64.jpg
n/8120563761_ed5620664f_m.jpg
n/8127252886_96558c23d1.jpg
n/8322526877_95d1c0f8bc_n.jpg
n/8348621545_8f02b82662_n.jpg
n/8382667241_0f046cecdb_n.jpg
n/8383753520_8391dd80ee_m.jpg
n/8405273313_bef13f6c27_n.jpg
n/8446495985_f72d851482.jpg
n/8489463746_a9839bf7e4.jpg
n/8616684075_71923bb771_n.jpg
n/8619103877_d8c82c5f34_n.jpg
n/8645839873_0151fb92bf_n.jpg
n/8671824531_64b816949e_m.jpg
n/8681746439_d6beeefbf9.jpg
n/8694909523_3ca25d449d_n.jpg
n/8696022686_1f8d62c5cb_m.jpg
n/8706810197_17b6c1f1e7.jpg
n/8708143485_38d084ac8c_n.jpg
n/8709110478_60d12efcd4_n.jpg
n/8709535323_a6bea3e43f.jpg
n/8710109684_e2c5ef6aeb_n.jpg
n/8718637649_87a0d85190_n.jpg
n/8719756744_34a5a83976_n.jpg
n/8740807508_0587f5b7b7.jpg
n/8742143296_fed9fa007c.jpg
n/8759177308_951790e00d_m.jpg
n/8882282142_9be2524d38_m.jpg
n/8887005939_b19e8305ee.jpg
n/8932490012_cc08e690ba_n.jpg
n/8938566373_d129e7af75.jpg
n/8964198962_6d8593b533.jpg
n/8983779970_9d3a6a3bf2_n.jpg
n/9054268881_19792c5203_n.jpg
n/9094631844_1a6abca29e.jpg
n/9120905231_329598304e.jpg
n/9146733107_98b15d3892_m.jpg
n/9158041313_7a6a102f7a_n.jpg
n/9161647994_e39b65cb9c_n.jpg
n/9175280426_40ecc395b8_m.jpg
n/9180706736_092d43088c.jpg
n/9204730092_a7f2182347.jpg
n/9221345475_67735dbf4f_n.jpg
n/9225336602_e6c392f941_n.jpg
n/9242705328_eee8402a8d.jpg
n/9244082319_b1f7e2d8b0_n.jpg
n/9286947622_4822f4fc21.jpg
n/9299302012_958c70564c_n.jpg
n/9310226774_d1b8f5d9c9.jpg
n/9321854387_5f77c926cb_n.jpg
n/9345273630_af3550031d.jpg
n/9346508462_f0af3163f4.jpg
n/9350942387_5b1d043c26_n.jpg
n/9467543719_c4800becbb_m.jpg
n/9489270024_1b05f08492_m.jpg
n/9496209717_25a6ebdab6_m.jpg
n/9515186037_3be48fe68f.jpg
n/9529916092_de70623523_n.jpg
n/9593034725_0062f0d24e_n.jpg
n/9595857626_979c45e5bf_n.jpg
n/9611923744_013b29e4da_n.jpg
n/9922116524_ab4a2533fe_n.jpg
n/Daisy-Fleabane.jpg
n/11891885265_ccefec7284_n.jpg
n/12193032636_b50ae7db35_n.jpg
n/12348343085_d4c396e5b5_m.jpg
n/12585131704_0f64b17059_m.jpg
n/12601254324_3cb62c254a_m.jpg
n/12701063955_4840594ea6_n.jpg
n/12891819633_e4c82b51e8.jpg
n/13491959645_2cd9df44d6_n.jpg
n/13583238844_573df2de8e_m.jpg
n/13826249325_f61cb15f86_n.jpg
n/13901930939_a7733c03f0_n.jpg
n/13953307149_f8de6a768c_m.jpg
n/13977181862_f8237b6b52.jpg
n/14021430525_e06baf93a9.jpg
n/14073784469_ffb12f3387_n.jpg
n/14087947408_9779257411_n.jpg
n/14088053307_1a13a0bf91_n.jpg
n/14114116486_0bb6649bc1_m.jpg
n/14147016029_8d3cf2414e.jpg
n/14163875973_467224aaf5_m.jpg
n/14167534527_781ceb1b7a_n.jpg
n/14167543177_cd36b54ac6_n.jpg
n/14219214466_3ca6104eae_m.jpg
n/14221836990_90374e6b34.jpg
n/14221848160_7f0a37c395.jpg
n/14245834619_153624f836.jpg
n/14264136211_9531fbc144.jpg
n/14272874304_47c0a46f5a.jpg
n/14307766919_fac3c37a6b_m.jpg
n/14330343061_99478302d4_m.jpg
n/14332947164_9b13513c71_m.jpg
n/14333681205_a07c9f1752_m.jpg
n/14350958832_29bdd3a254.jpg
n/14354051035_1037b30421_n.jpg
n/14372713423_61e2daae88.jpg
n/14399435971_ea5868c792.jpg
n/14402451388_56545a374a_n.jpg
n/14421389519_d5fd353eb4.jpg
n/14471433500_cdaa22e3ea_m.jpg
n/14485782498_fb342ec301.jpg
n/14507818175_05219b051c_m.jpg
n/14523675369_97c31d0b5b.jpg
n/14551098743_2842e7a004_n.jpg
n/14554906452_35f066ffe9_n.jpg
n/14564545365_1f1d267bf1_n.jpg
n/14569895116_32f0dcb0f9.jpg
n/14591326135_930703dbed_m.jpg
n/14600779226_7bbc288d40_m.jpg
n/14613443462_d4ed356201.jpg
n/14621687774_ec52811acd_n.jpg
n/14674743211_f68b13f6d9.jpg
n/14698531521_0c2f0c6539.jpg
n/14707111433_cce08ee007.jpg
n/14716799982_ed6d626a66.jpg
n/14816364517_2423021484_m.jpg
n/14866200659_6462c723cb_m.jpg
n/14907815010_bff495449f.jpg
n/14921511479_7b0a647795.jpg
n/15029936576_8d6f96c72c_n.jpg
n/15100730728_a450c5f422_n.jpg
n/15306268004_4680ba95e1.jpg
n/15327813273_06cdf42210.jpg
n/15760153042_a2a90e9da5_m.jpg
n/15760811380_4d686c892b_n.jpg
n/15784493690_b1858cdb2b_n.jpg
n/15813862117_dedcd1c56f_m.jpg
n/15853110333_229c439e7f.jpg
n/16020253176_60f2a6a5ca_n.jpg
n/16025261368_911703a536_n.jpg
n/16056178001_bebc2153fe_n.jpg
n/16121105382_b96251e506_m.jpg
n/16161045294_70c76ce846_n.jpg
n/16291797949_a1b1b7c2bd_n.jpg
n/16323838000_3818bce5c6_n.jpg
n/16360180712_b72695928c_n.jpg
n/16401288243_36112bd52f_m.jpg
n/16482676953_5296227d40_n.jpg
n/16492248512_61a57dfec1_m.jpg
n/16527403771_2391f137c4_n.jpg
n/16577886423_9b23622f1d_n.jpg
n/16737503507_431768a927.jpg
n/16819071290_471d99e166_m.jpg
n/16833748795_b681b2839f_n.jpg
n/17027891179_3edc08f4f6.jpg
n/17101762155_2577a28395.jpg
n/17249393016_093e915012_n.jpg
n/17357636476_1953c07aa4_n.jpg
n/17821980772_35164ae1e8_n.jpg
n/18023717391_e2c9089e10.jpg
n/18195689904_46619b7e16_n.jpg
n/18203367608_07a04e98a4_n.jpg
n/18354545086_693ea7bc2a.jpg
n/18400014056_2e4c601ed5.jpg
n/18442919723_d1251d3e14_n.jpg
n/18474740346_ffdaa18032.jpg
n/18582579815_4c6637e9ff_m.jpg
n/18622672908_eab6dc9140_n.jpg
n/18635898912_eb8e058ef0.jpg
n/18679421522_3be9879e32.jpg
n/18684594849_7dd3634f5e_n.jpg
n/18711159980_11d3bd5042.jpg
n/18901817451_43e2b45f6c.jpg
n/19019544592_b64469bf84_n.jpg
n/19177263840_6a316ea639.jpg
n/19178753159_a471bf4b6b.jpg
n/19280272025_57de24e940_m.jpg
n/19527362416_8bdcbefb8b_n.jpg
n/19544831049_0d738d4872_m.jpg
n/19653086178_28156b7ce4_m.jpg
n/19813618946_93818db7aa_m.jpg
n/19834392829_7d697871f6.jpg
n/19865728236_a62f8f445b_n.jpg
n/19975899671_ebc42b7865_n.jpg
n/20182559506_40a112f762.jpg
n/20289938802_e16fa9f23d.jpg
n/20329326505_a777c71cc2.jpg
n/20580471306_ab5a011b15_n.jpg
n/20619292635_9857a12d54.jpg
n/20685027271_0e7306e7c1_n.jpg
n/20703737132_179560d0fb.jpg
n/20773528301_008fcbc5a1_n.jpg
n/20948886919_cac7844f34_n.jpg
n/21402054779_759366efb0_n.jpg
n/21626652132_97e1318bb8_m.jpg
n/21805938544_bf6bb0e4bc.jpg
n/22244161124_53e457bb66_n.jpg
n/22873310415_3a5674ec10_m.jpg
n/23095658544_7226386954_n.jpg
n/2649404904_b7a91991bb_n.jpg
n/2666572212_2caca8de9f_n.jpg
n/2713919471_301fcc941f.jpg
n/27400851831_fe08fbcb66_n.jpg
n/28056118836_77a6847d94_n.jpg
n/2812442552_3eed5fb9f2_m.jpg
n/2889325612_f2fc403ff0_m.jpg
n/2901376034_cdb4bac26b_m.jpg
n/2908212142_5437fa67ff_n.jpg
n/29380234244_c50a60374e_n.jpg
n/29821115270_eccd3866e1_n.jpg
n/30001711132_eb0fd7b04c_n.jpg
n/3025866885_22fb0b61c6_n.jpg
n/3196066025_d187108070_n.jpg
n/3275951182_d27921af97_n.jpg
n/3285641623_da0e47f49a.jpg
n/3310644753_5607eb96a4_m.jpg
n/3326037909_b5ae370722_n.jpg
n/3336704121_cfeb67a7d7.jpg
n/3337536080_1db19964fe.jpg
n/3337643329_accc9b5426.jpg
n/3338077096_3a8ed0e2bc_m.jpg
n/3356112863_75da8bca2c_m.jpg
n/3379332157_04724f6480.jpg
n/33802431204_7c58f4e21b_n.jpg
n/33806101464_5eca772954_n.jpg
n/33807950584_f5b63715e4_n.jpg
n/33809174824_00ba798039_n.jpg
n/33809956124_b49dcddf8f_n.jpg
n/33810542134_a493f19a71_n.jpg
n/33814092924_b23d019011_n.jpg
n/33819069114_6ecc240b54_n.jpg
n/33822751084_c83a7abffd_n.jpg
n/33830843653_ee6d7989fa_n.jpg
n/33836936163_2dce95ee4d_n.jpg
n/33837577463_1ae52a3726_n.jpg
n/33838292353_8b143f7980_n.jpg
n/33839388103_79cb79f7bc_n.jpg
n/33843240613_0b736f9896_n.jpg
n/33843400403_db00aa16b8_n.jpg
n/33846706663_5f4695ffa4_n.jpg
n/33849854704_d2a2415e4d_n.jpg
n/33855966243_01b2486428_n.jpg
n/33857335804_7f0c96243b_n.jpg
n/33858238653_6549e21f53_n.jpg
n/33859244503_eeeca6a397_n.jpg
n/33863293993_3ed7515936_n.jpg
n/3386988684_bc5a66005e.jpg
n/33871813063_d7b6bedafe_n.jpg
n/33872893913_72d64a9b85_n.jpg
n/33874126263_3f6f965784_n.jpg
n/33879354664_615c72773d_n.jpg
n/33880234094_2541c9c83d_n.jpg
n/33884228533_91b75ff4d4_n.jpg
n/33885735373_444ba02d9c_n.jpg
n/33887503434_a2762228f4_n.jpg
n/33890808514_ca21f75499_n.jpg
n/33891398493_e0b6d7f683_n.jpg
n/33891703033_822f7810ce_n.jpg
n/33901756843_94e198d40e_n.jpg
n/33911247013_82a1acfcea_n.jpg
n/33918001783_06a692e371_n.jpg
n/33923454163_9cabcaa733_n.jpg
n/34076975155_1faeedec90_n.jpg
n/3410906335_37e8a24b1c_n.jpg
n/3415180846_d7b5cced14_m.jpg
n/34261196280_aa99186136_n.jpg
n/34266042310_9c1abd8e11_n.jpg
n/34266044490_01dacd2ac2_n.jpg
n/34275152390_44e7262261_n.jpg
n/34275662120_7757a15d07_n.jpg
n/34276373070_27ec2d2596_n.jpg
n/34283602490_b61f3da99d_n.jpg
n/34283646340_4fe48d1bb7_n.jpg
n/34287492780_6dab677857_n.jpg
n/34288158610_6e42406193_n.jpg
n/34289553800_606f1f2954_n.jpg
n/34293312980_5f6c492c52_n.jpg
n/34293871550_71d1e4d482_n.jpg
n/34295444880_b4376b3a8b_n.jpg
n/34300874850_923cc2881c_n.jpg
n/34310869690_56cdc84a17_n.jpg
n/34312496620_bc01a98aeb_n.jpg
n/34326606950_41ff8997d7_n.jpg
n/34326847400_f4de801005_n.jpg
n/34337108550_0b619aa726_n.jpg
n/34342014230_4230ae8e08_n.jpg
n/3440366251_5b9bdf27c9_m.jpg
n/34476770012_38fba290f3_n.jpg
n/34476821002_b6ab77189c_n.jpg
n/34485028892_fc238ddfc8_n.jpg
n/34486116262_411e6991f4_n.jpg
n/34500610132_9921740f71_n.jpg
n/34508227161_a9ff840f71_n.jpg
n/3450822975_7e77d67636_n.jpg
n/34510103621_250ee7ae64_n.jpg
n/34517409722_829ec7e152_n.jpg
n/34518066912_0e432507bc_n.jpg
n/34518374242_310e7abd54_n.jpg
n/34520690871_8fe693bc71_n.jpg
n/34520699571_f880744f46_n.jpg
n/34522174462_b7cbee3ecb_n.jpg
n/34524074031_e42b9b1acd_n.jpg
n/34524085651_1f0b7e9497_n.jpg
n/34530932101_957fab3650_n.jpg
n/34531542152_c8ba2e0fea_n.jpg
n/34532930772_5cc5fc600d_n.jpg
n/34539556222_f7ba32f704_n.jpg
n/34540113401_b81594e92a_n.jpg
n/34540176411_a35a19a8ef_n.jpg
n/34542837641_10492bf600_n.jpg
n/34543119581_1fb7e0bd7f_n.jpg
n/34546791291_eb8e15e18a_n.jpg
n/34546994701_a000b283f1_n.jpg
n/34547261352_d39bf4073a_n.jpg
n/34554334542_7d8f68a75c_n.jpg
n/34562146951_cf3d2a627c_n.jpg
n/3456403987_5bd5fa6ece_n.jpg
n/34566613262_fefbcc279a_n.jpg
n/34571214621_f655295459_n.jpg
n/34585331601_837dbe5254_n.jpg
n/34585995071_13e07140d8_n.jpg
n/34590677231_0ed33ccd55_n.jpg
n/34591991761_16fc5c9c00_n.jpg
n/34602180741_cf2f671ba5_n.jpg
n/34611565966_9de274f987_n.jpg
n/34613530216_26cf037012_n.jpg
n/3463313493_9497aa47e5_n.jpg
n/34637394046_f85541735d_n.jpg
n/34637970155_a2b917077c_n.jpg
n/34638378196_216d5bbc2e_n.jpg
n/34643914016_2e659d6e82_n.jpg
n/34652819496_0b6f758986_n.jpg
n/34658035045_7782e95b50_n.jpg
n/34661399476_9ea7e2fd53_n.jpg
n/34664107325_701d5c6f08_n.jpg
n/34665595995_13f76d5b60_n.jpg
n/34670512115_af22cce24d_n.jpg
n/34682895116_88ef018e83_n.jpg
n/3468498624_d082f99e98.jpg
n/34693373736_9ce6d9e1c3_n.jpg
n/34695914906_961f92ffcd_n.jpg
n/34696729796_190b1dfdf1_n.jpg
n/34696730126_056ffea63c_n.jpg
n/34696730346_5f0c131e59_n.jpg
n/34701078235_4a770d14a1_n.jpg
n/34701198765_54aa641d7a_n.jpg
n/34718882165_68cdc9def9_n.jpg
n/34720703615_bdf1335d8b_n.jpg
n/34727863665_b00ac77266_n.jpg
n/34729724865_787c98299d_n.jpg
n/34733243845_29f1c30634_n.jpg
n/3474942718_c418dae6f1.jpg
n/3475870145_685a19116d.jpg
n/3483303007_42e3f90da7.jpg
n/3491933306_43cfe2cfbe.jpg
n/3494265422_9dba8f2191_n.jpg
n/3504430338_77d6a7fab4_n.jpg
n/3506866918_61dd5fc53b_n.jpg
n/3533954656_79156c8473.jpg
n/3546455114_cd2dea5e02.jpg
n/3552074420_2a0a7166db_m.jpg
n/3588872598_e0f9a1d2a1_m.jpg
n/3598615130_578ed30e5f.jpg
n/3611577717_f3a7a8c416_n.jpg
n/3625257860_33efeef614_m.jpg
n/3627678863_557552c879_m.jpg
n/3628485766_4ff937954a_n.jpg
n/3633489595_a037a9b7a4_m.jpg
n/3637428148_a1dcccafa9_n.jpg
n/3639009391_0f910681b7.jpg
n/3640845041_80a92c4205_n.jpg
n/3661613900_b15ca1d35d_m.jpg
n/3695826945_9f374e8a00_m.jpg
n/3699235066_fc09a02dfe_m.jpg
n/3703643767_dee82cdef9_n.jpg
n/3704305945_a80e60e2f6_m.jpg
n/10140303196_b88d3d6cec.jpg
n/10172379554_b296050f82_n.jpg
n/10172567486_2748826a8b.jpg
n/10172636503_21bededa75_n.jpg
n/10300722094_28fa978807_n.jpg
n/10391248763_1d16681106_n.jpg
n/10437754174_22ec990b77_m.jpg
n/10437770546_8bb6f7bdd3_m.jpg
n/10437929963_bc13eebe0c.jpg
n/10466290366_cc72e33532.jpg
n/10466558316_a7198b87e2.jpg
n/10555749515_13a12a026e.jpg
n/10555815624_dc211569b0.jpg
n/10555826524_423eb8bf71_n.jpg
n/10559679065_50d2b16f6d.jpg
n/10712722853_5632165b04.jpg
n/10770585085_4742b9dac3_n.jpg
n/10841136265_af473efc60.jpg
n/10993710036_2033222c91.jpg
n/10993818044_4c19b86c82.jpg
n/10994032453_ac7f8d9e2e.jpg
n/11023214096_b5b39fab08.jpg
n/11023272144_fce94401f2_m.jpg
n/11023277956_8980d53169_m.jpg
n/11124324295_503f3a0804.jpg
n/11439894966_dca877f0cd.jpg
n/11834945233_a53b7a92ac_m.jpg
n/11870378973_2ec1919f12.jpg
n/Creeping-Charlie.jpg
n/Creeping-Charlie10.jpg
n/Creeping-Charlie100.jpg
n/Creeping-Charlie11.jpg
n/Creeping-Charlie12.jpg
n/Creeping-Charlie13.jpg
n/Creeping-Charlie14.jpg
n/Creeping-Charlie15.jpg
n/Creeping-Charlie16.jpg
n/Creeping-Charlie17.jpg
n/Creeping-Charlie18.jpg
n/Creeping-Charlie19.jpg
n/Creeping-Charlie2.jpg
n/Creeping-Charlie20.jpg
n/Creeping-Charlie21.jpg
n/Creeping-Charlie22.jpg
n/Creeping-Charlie23.jpg
n/Creeping-Charlie24.jpg
n/Creeping-Charlie25.jpg
n/Creeping-Charlie26.jpg
n/Creeping-Charlie27.jpg
n/Creeping-Charlie28.jpg
n/Creeping-Charlie29.jpg
n/Creeping-Charlie3.jpg
n/Creeping-Charlie30.jpg
n/Creeping-Charlie31.jpg
n/Creeping-Charlie32.jpg
n/Creeping-Charlie33.jpg
n/Creeping-Charlie34.jpg
n/Creeping-Charlie35.jpg
n/Creeping-Charlie36.jpg
n/Creeping-Charlie37.jpg
n/Creeping-Charlie38.jpg
n/Creeping-Charlie39.jpg
n/Creeping-Charlie4.jpg
n/Creeping-Charlie40.jpg
n/Creeping-Charlie41.jpg
n/Creeping-Charlie42.jpg
n/Creeping-Charlie43.jpg
n/Creeping-Charlie44.jpg
n/Creeping-Charlie45.jpg
n/Creeping-Charlie46.jpg
n/Creeping-Charlie47.jpg
n/Creeping-Charlie48.jpg
n/Creeping-Charlie49.jpg
n/Creeping-Charlie5.jpg
n/Creeping-Charlie50.jpg
n/Creeping-Charlie51.jpg
n/Creeping-Charlie52.jpg
n/Creeping-Charlie53.jpg
n/Creeping-Charlie54.jpg
n/Creeping-Charlie55.jpg
n/Creeping-Charlie56.jpg
n/Creeping-Charlie57.jpg
n/Creeping-Charlie58.jpg
n/Creeping-Charlie59.jpg
n/Creeping-Charlie6.jpg
n/Creeping-Charlie60.jpg
n/Creeping-Charlie61.jpg
n/Creeping-Charlie62.jpg
n/Creeping-Charlie63.jpg
n/Creeping-Charlie64.jpg
n/Creeping-Charlie65.jpg
n/Creeping-Charlie66.jpg
n/Creeping-Charlie67.jpg
n/Creeping-Charlie68.jpg
n/Creeping-Charlie69.jpg
n/Creeping-Charlie7.jpg
n/Creeping-Charlie70.jpg
n/Creeping-Charlie71.jpg
n/Creeping-Charlie72.jpg
n/Creeping-Charlie73.jpg
n/Creeping-Charlie74.jpg
n/Creeping-Charlie75.jpg
n/Creeping-Charlie76.jpg
n/Creeping-Charlie77.jpg
n/Creeping-Charlie78.jpg
n/Creeping-Charlie79.jpg
n/Creeping-Charlie8.jpg
n/Creeping-Charlie80.jpg
n/Creeping-Charlie81.jpg
n/Creeping-Charlie82.jpg
n/Creeping-Charlie83.jpg
n/Creeping-Charlie84.jpg
n/Creeping-Charlie85.jpg
n/Creeping-Charlie86.jpg
n/Creeping-Charlie87.jpg
n/Creeping-Charlie88.jpg
n/Creeping-Charlie89.jpg
n/Creeping-Charlie9.jpg
n/Creeping-Charlie90.jpg
n/Creeping-Charlie91.jpg
n/Creeping-Charlie92.jpg
n/Creeping-Charlie93.jpg
n/Creeping-Charlie94.jpg
n/Creeping-Charlie95.jpg
n/Creeping-Charlie96.jpg
n/Creeping-Charlie97.jpg
n/Creeping-Charlie98.jpg
n/Creeping-Charlie99.jpg
n/Crimson-Clover.jpg
n/Crimson-Clover10.jpg
n/Crimson-Clover11.jpg
n/Crimson-Clover12.jpg
n/Crimson-Clover13.jpg
n/Crimson-Clover14.jpg
n/Crimson-Clover15.jpg
n/Crimson-Clover16.jpg
n/Crimson-Clover17.jpg
n/Crimson-Clover18.jpg
n/Crimson-Clover19.jpg
n/Crimson-Clover2.jpg
n/Crimson-Clover20.jpg
n/Crimson-Clover21.jpg
n/Crimson-Clover22.jpg
n/Crimson-Clover23.jpg
n/Crimson-Clover24.jpg
n/Crimson-Clover25.jpg
n/Crimson-Clover26.jpg
n/Crimson-Clover27.jpg
n/Crimson-Clover28.jpg
n/Crimson-Clover29.jpg
n/Crimson-Clover3.jpg
n/Crimson-Clover30.jpg
n/Crimson-Clover31.jpg
n/Crimson-Clover32.jpg
n/Crimson-Clover33.jpg
n/Crimson-Clover34.jpg
n/Crimson-Clover35.jpg
n/Crimson-Clover36.jpg
n/Crimson-Clover37.jpg
n/Crimson-Clover38.jpg
n/Crimson-Clover39.jpg
n/Crimson-Clover4.jpg
n/Crimson-Clover40.jpg
n/Crimson-Clover41.jpg
n/Crimson-Clover42.jpg
n/Crimson-Clover43.jpg
n/Crimson-Clover44.jpg
n/Crimson-Clover45.jpg
n/Crimson-Clover46.jpg
n/Crimson-Clover47.jpg
n/Crimson-Clover48.jpg
n/Crimson-Clover49.jpg
n/Crimson-Clover5.jpg
n/Crimson-Clover50.jpg
n/Crimson-Clover6.jpg
n/Crimson-Clover7.jpg
n/Crimson-Clover8.jpg
n/Crimson-Clover9.jpg
n/Curly-Dock.jpg
n/Curly-Dock10.jpg
n/Curly-Dock100.jpg
n/Curly-Dock101.jpg
n/Curly-Dock102.jpg
n/Curly-Dock103.jpg
n/Curly-Dock104.jpg
n/Curly-Dock105.jpg
n/Curly-Dock106.jpg
n/Curly-Dock107.jpg
n/Curly-Dock108.jpg
n/Curly-Dock109.jpg
n/Curly-Dock11.jpg
n/Curly-Dock110.jpg
n/Curly-Dock111.jpg
n/Curly-Dock112.jpg
n/Curly-Dock113.jpg
n/Curly-Dock114.jpg
n/Curly-Dock115.jpg
n/Curly-Dock116.jpg
n/Curly-Dock117.jpg
n/Curly-Dock118.jpg
n/Curly-Dock119.jpg
n/Curly-Dock12.jpg
n/Curly-Dock120.jpg
n/Curly-Dock121.jpg
n/Curly-Dock122.jpg
n/Curly-Dock123.jpg
n/Curly-Dock124.jpg
n/Curly-Dock125.jpg
n/Curly-Dock126.jpg
n/Curly-Dock127.jpg
n/Curly-Dock128.jpg
n/Curly-Dock129.jpg
n/Curly-Dock13.jpg
n/Curly-Dock130.jpg
n/Curly-Dock131.jpg
n/Curly-Dock132.jpg
n/Curly-Dock133.jpg
n/Curly-Dock134.jpg
n/Curly-Dock135.jpg
n/Curly-Dock136.jpg
n/Curly-Dock137.jpg
n/Curly-Dock138.jpg
n/Curly-Dock139.jpg
n/Curly-Dock14.jpg
n/Curly-Dock140.jpg
n/Curly-Dock141.jpg
n/Curly-Dock142.jpg
n/Curly-Dock143.jpg
n/Curly-Dock144.jpg
n/Curly-Dock145.jpg
n/Curly-Dock146.jpg
n/Curly-Dock147.jpg
n/Curly-Dock148.jpg
n/Curly-Dock149.jpg
n/Curly-Dock15.jpg
n/Curly-Dock150.jpg
n/Curly-Dock16.jpg
n/Curly-Dock17.jpg
n/Curly-Dock18.jpg
n/Curly-Dock19.jpg
n/Curly-Dock2.jpg
n/Curly-Dock20.jpg
n/Curly-Dock21.jpg
n/Curly-Dock22.jpg
n/Curly-Dock23.jpg
n/Curly-Dock24.jpg
n/Curly-Dock25.jpg
n/Curly-Dock26.jpg
n/Curly-Dock27.jpg
n/Curly-Dock28.jpg
n/Curly-Dock29.jpg
n/Curly-Dock3.jpg
n/Curly-Dock30.jpg
n/Curly-Dock31.jpg
n/Curly-Dock32.jpg
n/Curly-Dock33.jpg
n/Curly-Dock34.jpg
n/Curly-Dock35.jpg
n/Curly-Dock36.jpg
n/Curly-Dock37.jpg
n/Curly-Dock38.jpg
n/Curly-Dock39.jpg
n/Curly-Dock4.jpg
n/Curly-Dock40.jpg
n/Curly-Dock41.jpg
n/Curly-Dock42.jpg
n/Curly-Dock43.jpg
n/Curly-Dock44.jpg
n/Curly-Dock45.jpg
n/Curly-Dock46.jpg
n/Curly-Dock47.jpg
n/Curly-Dock48.jpg
n/Curly-Dock49.jpg
n/Curly-Dock5.jpg
n/Curly-Dock50.jpg
n/Curly-Dock51.jpg
n/Curly-Dock52.jpg
n/Curly-Dock53.jpg
n/Curly-Dock54.jpg
n/Curly-Dock55.jpg
n/Curly-Dock56.jpg
n/Curly-Dock57.jpg
n/Curly-Dock58.jpg
n/Curly-Dock59.jpg
n/Curly-Dock6.jpg
n/Curly-Dock60.jpg
n/Curly-Dock61.jpg
n/Curly-Dock62.jpg
n/Curly-Dock63.jpg
n/Curly-Dock64.jpg
n/Curly-Dock65.jpg
n/Curly-Dock66.jpg
n/Curly-Dock67.jpg
n/Curly-Dock68.jpg
n/Curly-Dock69.jpg
n/Curly-Dock7.jpg
n/Curly-Dock70.jpg
n/Curly-Dock71.jpg
n/Curly-Dock72.jpg
n/Curly-Dock73.jpg
n/Curly-Dock74.jpg
n/Curly-Dock75.jpg
n/Curly-Dock76.jpg
n/Curly-Dock77.jpg
n/Curly-Dock78.jpg
n/Curly-Dock79.jpg
n/Curly-Dock8.jpg
n/Curly-Dock80.jpg
n/Curly-Dock81.jpg
n/Curly-Dock82.jpg
n/Curly-Dock83.jpg
n/Curly-Dock84.jpg
n/Curly-Dock85.jpg
n/Curly-Dock86.jpg
n/Curly-Dock87.jpg
n/Curly-Dock88.jpg
n/Curly-Dock89.jpg
n/Curly-Dock9.jpg
n/Curly-Dock90.jpg
n/Curly-Dock91.jpg
n/Curly-Dock92.jpg
n/Curly-Dock93.jpg
n/Curly-Dock94.jpg
n/Curly-Dock95.jpg
n/Curly-Dock96.jpg
n/Curly-Dock97.jpg
n/Curly-Dock98.jpg
n/Curly-Dock99.jpg
n/Common-Yarrow.jpg
n/Common-Yarrow10.jpg
n/Common-Yarrow11.jpg
n/Common-Yarrow12.jpg
n/Common-Yarrow13.jpg
n/Common-Yarrow14.jpg
n/Common-Yarrow15.jpg
n/Common-Yarrow16.jpg
n/Common-Yarrow17.jpg
n/Common-Yarrow18.jpg
n/Common-Yarrow19.jpg
n/Common-Yarrow2.jpg
n/Common-Yarrow20.jpg
n/Common-Yarrow21.jpg
n/Common-Yarrow22.jpg
n/Common-Yarrow23.jpg
n/Common-Yarrow24.jpg
n/Common-Yarrow25.jpg
n/Common-Yarrow26.jpg
n/Common-Yarrow27.jpg
n/Common-Yarrow28.jpg
n/Common-Yarrow29.jpg
n/Common-Yarrow3.jpg
n/Common-Yarrow30.jpg
n/Common-Yarrow31.jpg
n/Common-Yarrow32.jpg
n/Common-Yarrow33.jpg
n/Common-Yarrow34.jpg
n/Common-Yarrow35.jpg
n/Common-Yarrow36.jpg
n/Common-Yarrow37.jpg
n/Common-Yarrow38.jpg
n/Common-Yarrow39.jpg
n/Common-Yarrow4.jpg
n/Common-Yarrow40.jpg
n/Common-Yarrow41.jpg
n/Common-Yarrow42.jpg
n/Common-Yarrow43.jpg
n/Common-Yarrow44.jpg
n/Common-Yarrow45.jpg
n/Common-Yarrow46.jpg
n/Common-Yarrow47.jpg
n/Common-Yarrow48.jpg
n/Common-Yarrow49.jpg
n/Common-Yarrow5.jpg
n/Common-Yarrow50.jpg
n/Common-Yarrow6.jpg
n/Common-Yarrow7.jpg
n/Common-Yarrow8.jpg
n/Common-Yarrow9.jpg
n/Sow-Thistle.jpg
n/Sow-Thistle10.jpg
n/Sow-Thistle100.jpg
n/Sow-Thistle11.jpg
n/Sow-Thistle12.jpg
n/Sow-Thistle13.jpg
n/Sow-Thistle14.jpg
n/Sow-Thistle15.jpg
n/Sow-Thistle16.jpg
n/Sow-Thistle17.jpg
n/Sow-Thistle18.jpg
n/Sow-Thistle19.jpg
n/Sow-Thistle2.jpg
n/Sow-Thistle20.jpg
n/Sow-Thistle21.jpg
n/Sow-Thistle22.jpg
n/Sow-Thistle23.jpg
n/Sow-Thistle24.jpg
n/Sow-Thistle25.jpg
n/Sow-Thistle26.jpg
n/Sow-Thistle27.jpg
n/Sow-Thistle28.jpg
n/Sow-Thistle29.jpg
n/Sow-Thistle3.jpg
n/Sow-Thistle30.jpg
n/Sow-Thistle31.jpg
n/Sow-Thistle32.jpg
n/Sow-Thistle33.jpg
n/Sow-Thistle34.jpg
n/Sow-Thistle35.jpg
n/Sow-Thistle36.jpg
n/Sow-Thistle37.jpg
n/Sow-Thistle38.jpg
n/Sow-Thistle39.jpg
n/Sow-Thistle4.jpg
n/Sow-Thistle40.jpg
n/Sow-Thistle41.jpg
n/Sow-Thistle42.jpg
n/Sow-Thistle43.jpg
n/Sow-Thistle44.jpg
n/Sow-Thistle45.jpg
n/Sow-Thistle46.jpg
n/Sow-Thistle47.jpg
n/Sow-Thistle48.jpg
n/Sow-Thistle49.jpg
n/Sow-Thistle5.jpg
n/Sow-Thistle50.jpg
n/Sow-Thistle51.jpg
n/Sow-Thistle52.jpg
n/Sow-Thistle53.jpg
n/Sow-Thistle54.jpg
n/Sow-Thistle55.jpg
n/Sow-Thistle56.jpg
n/Sow-Thistle57.jpg
n/Sow-Thistle58.jpg
n/Sow-Thistle59.jpg
n/Sow-Thistle6.jpg
n/Sow-Thistle60.jpg
n/Sow-Thistle61.jpg
n/Sow-Thistle62.jpg
n/Sow-Thistle63.jpg
n/Sow-Thistle64.jpg
n/Sow-Thistle65.jpg
n/Sow-Thistle66.jpg
n/Sow-Thistle67.jpg
n/Sow-Thistle68.jpg
n/Sow-Thistle69.jpg
n/Sow-Thistle7.jpg
n/Sow-Thistle70.jpg
n/Sow-Thistle71.jpg
n/Sow-Thistle72.jpg
n/Sow-Thistle73.jpg
n/Sow-Thistle74.jpg
n/Sow-Thistle75.jpg
n/Sow-Thistle76.jpg
n/Sow-Thistle77.jpg
n/Sow-Thistle78.jpg
n/Sow-Thistle79.jpg
n/Sow-Thistle8.jpg
n/Sow-Thistle80.jpg
n/Sow-Thistle81.jpg
n/Sow-Thistle82.jpg
n/Sow-Thistle83.jpg
n/Sow-Thistle84.jpg
n/Sow-Thistle85.jpg
n/Sow-Thistle86.jpg
n/Sow-Thistle87.jpg
n/Sow-Thistle88.jpg
n/Sow-Thistle89.jpg
n/Sow-Thistle9.jpg
n/Sow-Thistle90.jpg
n/Sow-Thistle91.jpg
n/Sow-Thistle92.jpg
n/Sow-Thistle93.jpg
n/Sow-Thistle94.jpg
n/Sow-Thistle95.jpg
n/Sow-Thistle96.jpg
n/Sow-Thistle97.jpg
n/Sow-Thistle98.jpg
n/Sow-Thistle99.jpg
n/Bull-Thistle.jpg
n/Bull-Thistle10.jpg
n/Bull-Thistle11.jpg
n/Bull-Thistle12.jpg
n/Bull-Thistle13.jpg
n/Bull-Thistle14.jpg
n/Bull-Thistle15.jpg
n/Bull-Thistle16.jpg
n/Bull-Thistle17.jpg
n/Bull-Thistle18.jpg
n/Bull-Thistle19.jpg
n/Bull-Thistle2.jpg
n/Bull-Thistle20.jpg
n/Bull-Thistle21.jpg
n/Bull-Thistle22.jpg
n/Bull-Thistle23.jpg
n/Bull-Thistle24.jpg
n/Bull-Thistle25.jpg
n/Bull-Thistle26.jpg
n/Bull-Thistle27.jpg
n/Bull-Thistle28.jpg
n/Bull-Thistle29.jpg
n/Bull-Thistle3.jpg
n/Bull-Thistle30.jpg
n/Bull-Thistle31.jpg
n/Bull-Thistle32.jpg
n/Bull-Thistle33.jpg
n/Bull-Thistle34.jpg
n/Bull-Thistle35.jpg
n/Bull-Thistle36.jpg
n/Bull-Thistle37.jpg
n/Bull-Thistle38.jpg
n/Bull-Thistle39.jpg
n/Bull-Thistle4.jpg
n/Bull-Thistle40.jpg
n/Bull-Thistle41.jpg
n/Bull-Thistle42.jpg
n/Bull-Thistle43.jpg
n/Bull-Thistle44.jpg
n/Bull-Thistle45.jpg
n/Bull-Thistle46.jpg
n/Bull-Thistle47.jpg
n/Bull-Thistle48.jpg
n/Bull-Thistle49.jpg
n/Bull-Thistle5.jpg
n/Bull-Thistle50.jpg
n/Bull-Thistle6.jpg
n/Bull-Thistle7.jpg
n/Bull-Thistle8.jpg
n/Bull-Thistle9.jpg
n/1667823011900.jpg
n/1667823011916.jpg
n/1667823039104.jpg
n/1667823059847.jpg
n/1667823059848.jpg
n/1667823059849.jpg
n/1667823070392.jpg
n/1667823133134.jpg
n/Alfalfa.jpg
n/Alfalfa10.jpg
n/Alfalfa11.jpg
n/Alfalfa12.jpg
n/Alfalfa13.jpg
n/Alfalfa14.jpg
n/Alfalfa15.jpg
n/Alfalfa16.jpg
n/Alfalfa17.jpg
n/Alfalfa18.jpg
n/Alfalfa19.jpg
n/Alfalfa2.jpg
n/Alfalfa20.jpg
n/Alfalfa21.jpg
n/Alfalfa22.jpg
n/Alfalfa23.jpg
n/Alfalfa24.jpg
n/Alfalfa25.jpg
n/Alfalfa26.jpg
n/Alfalfa27.jpg
n/Alfalfa28.jpg
n/Alfalfa29.jpg
n/Alfalfa3.jpg
n/Alfalfa30.jpg
n/Alfalfa31.jpg
n/Alfalfa32.jpg
n/Alfalfa33.jpg
n/Alfalfa34.jpg
n/Alfalfa35.jpg
n/Alfalfa36.jpg
n/Alfalfa37.jpg
n/Alfalfa38.jpg
n/Alfalfa39.jpg
n/Alfalfa4.jpg
n/Alfalfa40.jpg
n/Alfalfa41.jpg
n/Alfalfa42.jpg
n/Alfalfa43.jpg
n/Alfalfa44.jpg
n/Alfalfa45.jpg
n/Alfalfa46.jpg
n/Alfalfa47.jpg
n/Alfalfa48.jpg
n/Alfalfa49.jpg
n/Alfalfa5.jpg
n/Alfalfa50.jpg
n/Alfalfa6.jpg
n/Alfalfa7.jpg
n/Alfalfa8.jpg
n/Alfalfa9.jpg
n/asparagus.jpg
n/asparagus10.jpg
n/asparagus100.jpg
n/asparagus11.jpg
n/asparagus12.jpg
n/asparagus13.jpg
n/asparagus14.jpg
n/asparagus15.jpg
n/asparagus16.jpg
n/asparagus17.jpg
n/asparagus18.jpg
n/asparagus19.jpg
n/asparagus2.jpg
n/asparagus20.jpg
n/asparagus21.jpg
n/asparagus22.jpg
n/asparagus23.jpg
n/asparagus24.jpg
n/asparagus25.jpg
n/asparagus26.jpg
n/asparagus27.jpg
n/asparagus28.jpg
n/asparagus29.jpg
n/asparagus3.jpg
n/asparagus30.jpg
n/asparagus31.jpg
n/asparagus32.jpg
n/asparagus33.jpg
n/asparagus34.jpg
n/asparagus35.jpg
n/asparagus36.jpg
n/asparagus37.jpg
n/asparagus38.jpg
n/asparagus39.jpg
n/asparagus4.jpg
n/asparagus40.jpg
n/asparagus41.jpg
n/asparagus42.jpg
n/asparagus43.jpg
n/asparagus44.jpg
n/asparagus45.jpg
n/asparagus46.jpg
n/asparagus47.jpg
n/asparagus48.jpg
n/asparagus49.jpg
n/asparagus5.jpg
n/asparagus50.jpg
n/asparagus51.jpg
n/asparagus52.jpg
n/asparagus53.jpg
n/asparagus54.jpg
n/asparagus55.jpg
n/asparagus56.jpg
n/asparagus57.jpg
n/asparagus58.jpg
n/asparagus59.jpg
n/asparagus6.jpg
n/asparagus60.jpg
n/asparagus61.jpg
n/asparagus62.jpg
n/asparagus63.jpg
n/asparagus64.jpg
n/asparagus65.jpg
n/asparagus66.jpg
n/asparagus67.jpg
n/asparagus68.jpg
n/asparagus69.jpg
n/asparagus7.jpg
n/asparagus70.jpg
n/asparagus71.jpg
n/asparagus72.jpg
n/asparagus73.jpg
n/asparagus74.jpg
n/asparagus75.jpg
n/asparagus76.jpg
n/asparagus77.jpg
n/asparagus78.jpg
n/asparagus79.jpg
n/asparagus8.jpg
n/asparagus80.jpg
n/asparagus81.jpg
n/asparagus82.jpg
n/asparagus83.jpg
n/asparagus84.jpg
n/asparagus85.jpg
n/asparagus86.jpg
n/asparagus87.jpg
n/asparagus88.jpg
n/asparagus89.jpg
n/asparagus9.jpg
n/asparagus90.jpg
n/asparagus91.jpg
n/asparagus92.jpg
n/asparagus93.jpg
n/asparagus94.jpg
n/asparagus95.jpg
n/asparagus96.jpg
n/asparagus97.jpg
n/asparagus98.jpg
n/asparagus99.jpg