p/without_mask_2662.jpg 1 0 0 184 275
p/without_mask_2682.jpg 1 0 0 225 225
p/without_mask_2683.jpg 1 0 0 255 198
p/without_mask_2684.jpg 1 0 0 259 194
p/without_mask_2704.jpg 1 0 0 205 246
p/without_mask_2705.jpg 1 0 0 184 273
p/without_mask_2706.jpg 1 0 0 183 276
p/without_mask_1204.jpg 1 0 0 320 428
p/without_mask_1205.jpg 1 0 0 320 433
p/without_mask_1206.jpg 1 0 0 320 433
p/without_mask_1207.jpg 1 0 0 320 428
p/without_mask_1208.jpg 1 0 0 320 428
p/without_mask_1209.jpg 1 0 0 320 428
p/without_mask_1210.jpg 1 0 0 320 428
p/without_mask_1211.jpg 1 0 0 309 322
p/without_mask_1212.jpg 1 0 0 309 322
p/without_mask_1213.jpg 1 0 0 155 139
p/without_mask_1214.jpg 1 0 0 309 322
p/without_mask_1215.jpg 1 0 0 320 428
p/without_mask_1216.jpg 1 0 0 320 428
p/without_mask_1217.jpg 1 0 0 320 428
p/without_mask_1218.jpg 1 0 0 320 428
p/without_mask_1219.jpg 1 0 0 320 428
p/without_mask_1220.jpg 1 0 0 320 428
p/without_mask_1221.jpg 1 0 0 320 428
p/without_mask_1222.jpg 1 0 0 320 428
p/without_mask_1223.jpg 1 0 0 320 428
p/without_mask_1224.jpg 1 0 0 155 123
p/without_mask_1225.jpg 1 0 0 143 140
p/without_mask_1226.jpg 1 0 0 190 265
p/without_mask_1227.jpg 1 0 0 190 265
p/without_mask_1228.jpg 1 0 0 320 428
p/without_mask_1229.jpg 1 0 0 320 428
p/without_mask_1230.jpg 1 0 0 320 428
p/without_mask_1231.jpg 1 0 0 320 433
p/without_mask_1232.jpg 1 0 0 320 433
p/without_mask_1233.jpg 1 0 0 320 433
p/without_mask_1234.jpg 1 0 0 320 428
p/without_mask_1235.jpg 1 0 0 320 428
p/without_mask_1236.jpg 1 0 0 147 141
p/without_mask_1237.jpg 1 0 0 320 428
p/without_mask_1238.jpg 1 0 0 320 428
p/without_mask_1239.jpg 1 0 0 320 428
p/without_mask_1240.jpg 1 0 0 193 261
p/without_mask_1241.jpg 1 0 0 193 261
p/without_mask_1242.jpg 1 0 0 193 261
p/without_mask_1243.jpg 1 0 0 193 261
p/without_mask_1244.jpg 1 0 0 320 428
p/without_mask_1245.jpg 1 0 0 412 501
p/without_mask_1246.jpg 1 0 0 412 501
p/without_mask_1247.jpg 1 0 0 158 141
p/without_mask_1248.jpg 1 0 0 480 480
p/without_mask_1249.jpg 1 0 0 480 480
p/without_mask_1250.jpg 1 0 0 480 480
p/without_mask_1251.jpg 1 0 0 480 480
p/without_mask_1252.jpg 1 0 0 249 203
p/without_mask_1253.jpg 1 0 0 249 203
p/without_mask_1254.jpg 1 0 0 249 203
p/without_mask_1255.jpg 1 0 0 249 203
p/without_mask_1256.jpg 1 0 0 165 208
p/without_mask_1257.jpg 1 0 0 249 203
p/without_mask_1258.jpg 1 0 0 145 128
p/without_mask_1259.jpg 1 0 0 277 405
p/without_mask_1260.jpg 1 0 0 271 338
p/without_mask_1261.jpg 1 0 0 271 338
p/without_mask_1262.jpg 1 0 0 271 338
p/without_mask_1263.jpg 1 0 0 320 428
p/without_mask_1264.jpg 1 0 0 165 208
p/without_mask_1265.jpg 1 0 0 320 428
p/without_mask_1266.jpg 1 0 0 320 428
p/without_mask_1267.jpg 1 0 0 320 428
p/without_mask_1268.jpg 1 0 0 320 428
p/without_mask_1269.jpg 1 0 0 143 121
p/without_mask_1270.jpg 1 0 0 320 428
p/without_mask_1271.jpg 1 0 0 320 428
p/without_mask_1272.jpg 1 0 0 320 428
p/without_mask_1273.jpg 1 0 0 320 428
p/without_mask_1274.jpg 1 0 0 320 428
p/without_mask_1275.jpg 1 0 0 165 208
p/without_mask_1276.jpg 1 0 0 320 428
p/without_mask_1277.jpg 1 0 0 320 428
p/without_mask_1278.jpg 1 0 0 320 428
p/without_mask_1279.jpg 1 0 0 320 433
p/without_mask_1280.jpg 1 0 0 128 117
p/without_mask_1281.jpg 1 0 0 320 433
p/without_mask_1282.jpg 1 0 0 320 428
p/without_mask_1283.jpg 1 0 0 320 428
p/without_mask_1284.jpg 1 0 0 195 259
p/without_mask_1285.jpg 1 0 0 195 259
p/without_mask_1286.jpg 1 0 0 320 428
p/without_mask_1287.jpg 1 0 0 320 428
p/without_mask_1288.jpg 1 0 0 320 428
p/without_mask_1289.jpg 1 0 0 320 428
p/without_mask_1290.jpg 1 0 0 320 428
p/without_mask_1291.jpg 1 0 0 135 117
p/without_mask_1292.jpg 1 0 0 320 428
p/without_mask_1293.jpg 1 0 0 320 428
p/without_mask_1294.jpg 1 0 0 320 433
p/without_mask_1295.jpg 1 0 0 165 208
p/without_mask_1296.jpg 1 0 0 226 280
p/without_mask_1297.jpg 1 0 0 226 280
p/without_mask_1298.jpg 1 0 0 226 280
p/without_mask_1299.jpg 1 0 0 236 297
p/without_mask_1300.jpg 1 0 0 236 297
p/without_mask_1301.jpg 1 0 0 236 297
p/without_mask_1302.jpg 1 0 0 144 134
p/without_mask_1303.jpg 1 0 0 236 297
p/without_mask_1304.jpg 1 0 0 441 494
p/without_mask_1305.jpg 1 0 0 441 494
p/without_mask_1306.jpg 1 0 0 189 258
p/without_mask_1307.jpg 1 0 0 189 258
p/without_mask_1308.jpg 1 0 0 189 258
p/without_mask_1309.jpg 1 0 0 320 428
p/without_mask_1310.jpg 1 0 0 209 247
p/without_mask_1311.jpg 1 0 0 320 428
p/without_mask_1312.jpg 1 0 0 320 428
p/without_mask_1313.jpg 1 0 0 147 138
p/without_mask_1314.jpg 1 0 0 320 428
p/without_mask_1315.jpg 1 0 0 320 428
p/without_mask_1316.jpg 1 0 0 320 428
p/without_mask_1317.jpg 1 0 0 320 428
p/without_mask_1318.jpg 1 0 0 320 428
p/without_mask_1319.jpg 1 0 0 320 428
p/without_mask_1320.jpg 1 0 0 320 428
p/without_mask_1321.jpg 1 0 0 320 428
p/without_mask_1322.jpg 1 0 0 320 428
p/without_mask_1323.jpg 1 0 0 320 428
p/without_mask_1324.jpg 1 0 0 143 144
p/without_mask_1325.jpg 1 0 0 320 428
p/without_mask_1326.jpg 1 0 0 154 225
p/without_mask_1327.jpg 1 0 0 154 225
p/without_mask_1328.jpg 1 0 0 154 225
p/without_mask_1329.jpg 1 0 0 154 225
p/without_mask_1330.jpg 1 0 0 320 428
p/without_mask_1331.jpg 1 0 0 320 428
p/without_mask_1332.jpg 1 0 0 165 208
p/without_mask_1333.jpg 1 0 0 165 208
p/without_mask_1334.jpg 1 0 0 165 208
p/without_mask_1335.jpg 1 0 0 154 145
p/without_mask_1336.jpg 1 0 0 137 137
p/without_mask_1337.jpg 1 0 0 428 484
p/without_mask_1338.jpg 1 0 0 428 484
p/without_mask_1339.jpg 1 0 0 428 484
p/without_mask_1340.jpg 1 0 0 197 256
p/without_mask_1341.jpg 1 0 0 197 256
p/without_mask_1342.jpg 1 0 0 289 277
p/without_mask_1343.jpg 1 0 0 259 194
p/without_mask_1344.jpg 1 0 0 412 501
p/without_mask_1345.jpg 1 0 0 412 501
p/without_mask_1346.jpg 1 0 0 412 501
p/without_mask_1347.jpg 1 0 0 129 135
p/without_mask_1348.jpg 1 0 0 320 428
p/without_mask_1349.jpg 1 0 0 320 428
p/without_mask_1350.jpg 1 0 0 320 428
p/without_mask_1351.jpg 1 0 0 224 240
p/without_mask_1352.jpg 1 0 0 224 240
p/without_mask_1353.jpg 1 0 0 320 428
p/without_mask_1354.jpg 1 0 0 768 960
p/without_mask_1355.jpg 1 0 0 320 428
p/without_mask_1356.jpg 1 0 0 336 427
p/without_mask_1357.jpg 1 0 0 336 427
p/without_mask_1358.jpg 1 0 0 135 145
p/without_mask_1359.jpg 1 0 0 336 427
p/without_mask_1360.jpg 1 0 0 864 864
p/without_mask_1361.jpg 1 0 0 864 864
p/without_mask_1362.jpg 1 0 0 864 864
p/without_mask_1363.jpg 1 0 0 864 864
p/without_mask_1364.jpg 1 0 0 864 864
p/without_mask_1365.jpg 1 0 0 768 960
p/without_mask_1366.jpg 1 0 0 768 960
p/without_mask_1367.jpg 1 0 0 576 960
p/without_mask_1368.jpg 1 0 0 576 960
p/without_mask_1369.jpg 1 0 0 146 131
p/without_mask_1370.jpg 1 0 0 320 428
p/without_mask_1371.jpg 1 0 0 320 428
p/without_mask_1372.jpg 1 0 0 189 258
p/without_mask_1373.jpg 1 0 0 289 277
p/without_mask_1374.jpg 1 0 0 189 258
p/without_mask_1375.jpg 1 0 0 189 258
p/without_mask_1376.jpg 1 0 0 189 258
p/without_mask_1377.jpg 1 0 0 189 258
p/without_mask_1378.jpg 1 0 0 320 428
p/without_mask_1379.jpg 1 0 0 320 428
p/without_mask_1380.jpg 1 0 0 150 142
p/without_mask_1381.jpg 1 0 0 209 267
p/without_mask_1382.jpg 1 0 0 289 277
p/without_mask_1383.jpg 1 0 0 209 267
p/without_mask_1384.jpg 1 0 0 320 428
p/without_mask_1385.jpg 1 0 0 320 428
p/without_mask_1386.jpg 1 0 0 320 428
p/without_mask_1387.jpg 1 0 0 320 428
p/without_mask_1388.jpg 1 0 0 320 428
p/without_mask_1389.jpg 1 0 0 320 428
p/without_mask_1390.jpg 1 0 0 320 428
p/without_mask_1391.jpg 1 0 0 136 145
p/without_mask_1392.jpg 1 0 0 232 217
p/without_mask_1393.jpg 1 0 0 232 217
p/without_mask_1394.jpg 1 0 0 232 217
p/without_mask_1395.jpg 1 0 0 232 217
p/without_mask_1396.jpg 1 0 0 232 217
p/without_mask_1397.jpg 1 0 0 658 382
p/without_mask_1398.jpg 1 0 0 658 382
p/without_mask_1399.jpg 1 0 0 658 382
p/without_mask_1400.jpg 1 0 0 658 382
p/without_mask_1401.jpg 1 0 0 658 382
p/without_mask_1402.jpg 1 0 0 151 142
p/without_mask_1403.jpg 1 0 0 166 251
p/without_mask_1404.jpg 1 0 0 166 251
p/without_mask_1405.jpg 1 0 0 289 277
p/without_mask_1406.jpg 1 0 0 166 251
p/without_mask_1407.jpg 1 0 0 320 428
p/without_mask_1408.jpg 1 0 0 320 428
p/without_mask_1409.jpg 1 0 0 320 428
p/without_mask_1410.jpg 1 0 0 263 347
p/without_mask_1411.jpg 1 0 0 263 347
p/without_mask_1412.jpg 1 0 0 263 347
p/without_mask_1413.jpg 1 0 0 130 121
p/without_mask_1414.jpg 1 0 0 864 864
p/without_mask_1415.jpg 1 0 0 864 864
p/without_mask_1416.jpg 1 0 0 864 864
p/without_mask_1417.jpg 1 0 0 864 864
p/without_mask_1418.jpg 1 0 0 864 864
p/without_mask_1419.jpg 1 0 0 179 281
p/without_mask_1420.jpg 1 0 0 179 281
p/without_mask_1421.jpg 1 0 0 179 281
p/without_mask_1422.jpg 1 0 0 179 281
p/without_mask_1423.jpg 1 0 0 179 281
p/without_mask_1424.jpg 1 0 0 145 142
p/without_mask_1425.jpg 1 0 0 275 183
p/without_mask_1426.jpg 1 0 0 275 183
p/without_mask_1427.jpg 1 0 0 275 183
p/without_mask_1428.jpg 1 0 0 154 225
p/without_mask_1429.jpg 1 0 0 154 225
p/without_mask_1430.jpg 1 0 0 320 428
p/without_mask_1431.jpg 1 0 0 320 428
p/without_mask_1432.jpg 1 0 0 320 428
p/without_mask_1433.jpg 1 0 0 320 428
p/without_mask_1434.jpg 1 0 0 320 428
p/without_mask_1435.jpg 1 0 0 139 140
p/without_mask_1436.jpg 1 0 0 259 194
p/without_mask_1437.jpg 1 0 0 259 194
p/without_mask_1438.jpg 1 0 0 175 288
p/without_mask_1439.jpg 1 0 0 191 263
p/without_mask_1440.jpg 1 0 0 199 253
p/without_mask_1441.jpg 1 0 0 182 278
p/without_mask_1442.jpg 1 0 0 259 194
p/without_mask_1443.jpg 1 0 0 259 194
p/without_mask_1444.jpg 1 0 0 192 263
p/without_mask_1445.jpg 1 0 0 183 275
p/without_mask_1446.jpg 1 0 0 133 140
p/without_mask_1447.jpg 1 0 0 95 139
p/without_mask_1448.jpg 1 0 0 194 259
p/without_mask_1449.jpg 1 0 0 251 201
p/without_mask_1450.jpg 1 0 0 206 245
p/without_mask_1451.jpg 1 0 0 196 257
p/without_mask_1452.jpg 1 0 0 275 183
p/without_mask_1453.jpg 1 0 0 225 225
p/without_mask_1454.jpg 1 0 0 280 180
p/without_mask_1455.jpg 1 0 0 251 201
p/without_mask_1456.jpg 1 0 0 262 192
p/without_mask_1457.jpg 1 0 0 222 227
p/without_mask_1458.jpg 1 0 0 153 125
p/without_mask_1459.jpg 1 0 0 193 262
p/without_mask_1460.jpg 1 0 0 204 247
p/without_mask_1461.jpg 1 0 0 262 192
p/without_mask_1462.jpg 1 0 0 239 211
p/without_mask_1463.jpg 1 0 0 187 270
p/without_mask_1464.jpg 1 0 0 184 273
p/without_mask_1465.jpg 1 0 0 185 272
p/without_mask_1466.jpg 1 0 0 275 184
p/without_mask_1467.jpg 1 0 0 310 162
p/without_mask_1468.jpg 1 0 0 236 157
p/without_mask_1469.jpg 1 0 0 153 131
p/without_mask_1470.jpg 1 0 0 280 180
p/without_mask_1471.jpg 1 0 0 185 272
p/without_mask_1472.jpg 1 0 0 202 250
p/without_mask_1473.jpg 1 0 0 201 251
p/without_mask_1474.jpg 1 0 0 299 168
p/without_mask_1475.jpg 1 0 0 236 118
p/without_mask_1476.jpg 1 0 0 152 331
p/without_mask_1477.jpg 1 0 0 200 200
p/without_mask_1478.jpg 1 0 0 183 275
p/without_mask_1479.jpg 1 0 0 183 275
p/without_mask_1480.jpg 1 0 0 136 130
p/without_mask_1481.jpg 1 0 0 191 265
p/without_mask_1482.jpg 1 0 0 292 172
p/without_mask_1483.jpg 1 0 0 310 163
p/without_mask_1484.jpg 1 0 0 194 259
p/without_mask_1485.jpg 1 0 0 225 225
p/without_mask_1486.jpg 1 0 0 300 168
p/without_mask_1487.jpg 1 0 0 304 166
p/without_mask_1488.jpg 1 0 0 183 275
p/without_mask_1489.jpg 1 0 0 310 162
p/without_mask_1490.jpg 1 0 0 276 183
p/without_mask_1491.jpg 1 0 0 146 152
p/without_mask_1492.jpg 1 0 0 225 225
p/without_mask_1493.jpg 1 0 0 197 256
p/without_mask_1494.jpg 1 0 0 183 275
p/without_mask_1495.jpg 1 0 0 225 225
p/without_mask_1496.jpg 1 0 0 168 299
p/without_mask_1497.jpg 1 0 0 309 163
p/without_mask_1498.jpg 1 0 0 300 168
p/without_mask_1499.jpg 1 0 0 191 264
p/without_mask_1500.jpg 1 0 0 301 167
p/without_mask_1501.jpg 1 0 0 190 265
p/without_mask_1502.jpg 1 0 0 144 137
p/without_mask_1503.jpg 1 0 0 171 295
p/without_mask_1504.jpg 1 0 0 205 246
p/without_mask_1505.jpg 1 0 0 275 183
p/without_mask_1506.jpg 1 0 0 318 159
p/without_mask_1507.jpg 1 0 0 280 180
p/without_mask_1508.jpg 1 0 0 165 306
p/without_mask_1509.jpg 1 0 0 201 250
p/without_mask_1510.jpg 1 0 0 183 275
p/without_mask_1511.jpg 1 0 0 192 262
p/without_mask_1512.jpg 1 0 0 225 225
p/without_mask_1513.jpg 1 0 0 143 141
p/without_mask_1514.jpg 1 0 0 375 135
p/without_mask_1515.jpg 1 0 0 201 251
p/without_mask_1516.jpg 1 0 0 168 300
p/without_mask_1517.jpg 1 0 0 189 266
p/without_mask_1518.jpg 1 0 0 271 186
p/without_mask_1519.jpg 1 0 0 300 168
p/without_mask_1520.jpg 1 0 0 300 168
p/without_mask_1521.jpg 1 0 0 225 225
p/without_mask_1522.jpg 1 0 0 308 163
p/without_mask_1523.jpg 1 0 0 183 275
p/without_mask_1524.jpg 1 0 0 144 122
p/without_mask_1525.jpg 1 0 0 262 192
p/without_mask_1526.jpg 1 0 0 183 276
p/without_mask_1527.jpg 1 0 0 64 64
p/without_mask_1528.jpg 1 0 0 193 261
p/without_mask_1529.jpg 1 0 0 280 180
p/without_mask_1530.jpg 1 0 0 304 166
p/without_mask_1531.jpg 1 0 0 260 194
p/without_mask_1532.jpg 1 0 0 299 168
p/without_mask_1533.jpg 1 0 0 243 208
p/without_mask_1534.jpg 1 0 0 183 275
p/without_mask_1535.jpg 1 0 0 154 123
p/without_mask_1536.jpg 1 0 0 265 190
p/without_mask_1537.jpg 1 0 0 184 275
p/without_mask_1538.jpg 1 0 0 183 275
p/without_mask_1539.jpg 1 0 0 183 275
p/without_mask_1540.jpg 1 0 0 201 251
p/without_mask_1541.jpg 1 0 0 225 225
p/without_mask_1542.jpg 1 0 0 194 259
p/without_mask_1543.jpg 1 0 0 265 190
p/without_mask_1544.jpg 1 0 0 178 283
p/without_mask_1545.jpg 1 0 0 168 299
p/without_mask_1546.jpg 1 0 0 139 137
p/without_mask_1547.jpg 1 0 0 168 299
p/without_mask_1548.jpg 1 0 0 184 274
p/without_mask_1549.jpg 1 0 0 175 287
p/without_mask_1550.jpg 1 0 0 195 258
p/without_mask_1551.jpg 1 0 0 259 194
p/without_mask_1552.jpg 1 0 0 262 192
p/without_mask_1553.jpg 1 0 0 259 194
p/without_mask_1554.jpg 1 0 0 309 163
p/without_mask_1555.jpg 1 0 0 210 240
p/without_mask_1556.jpg 1 0 0 211 239
p/without_mask_1557.jpg 1 0 0 143 143
p/without_mask_1558.jpg 1 0 0 147 134
p/without_mask_1559.jpg 1 0 0 168 299
p/without_mask_1560.jpg 1 0 0 213 237
p/without_mask_1561.jpg 1 0 0 188 267
p/without_mask_1562.jpg 1 0 0 300 168
p/without_mask_1563.jpg 1 0 0 192 263
p/without_mask_1564.jpg 1 0 0 281 179
p/without_mask_1565.jpg 1 0 0 201 251
p/without_mask_1566.jpg 1 0 0 275 183
p/without_mask_1567.jpg 1 0 0 183 275
p/without_mask_1568.jpg 1 0 0 194 259
p/without_mask_1569.jpg 1 0 0 159 138
p/without_mask_1570.jpg 1 0 0 265 190
p/without_mask_1571.jpg 1 0 0 182 277
p/without_mask_1572.jpg 1 0 0 279 181
p/without_mask_1573.jpg 1 0 0 300 168
p/without_mask_1574.jpg 1 0 0 225 225
p/without_mask_1575.jpg 1 0 0 225 225
p/without_mask_1576.jpg 1 0 0 259 194
p/without_mask_1577.jpg 1 0 0 225 224
p/without_mask_1578.jpg 1 0 0 304 166
p/without_mask_1579.jpg 1 0 0 191 264
p/without_mask_1580.jpg 1 0 0 133 144
p/without_mask_1581.jpg 1 0 0 190 265
p/without_mask_1582.jpg 1 0 0 275 183
p/without_mask_1583.jpg 1 0 0 186 271
p/without_mask_1584.jpg 1 0 0 168 299
p/without_mask_1585.jpg 1 0 0 201 251
p/without_mask_1586.jpg 1 0 0 309 163
p/without_mask_1587.jpg 1 0 0 299 168
p/without_mask_1588.jpg 1 0 0 300 168
p/without_mask_1589.jpg 1 0 0 245 205
p/without_mask_1590.jpg 1 0 0 259 194
p/without_mask_1591.jpg 1 0 0 148 136
p/without_mask_1592.jpg 1 0 0 177 285
p/without_mask_1593.jpg 1 0 0 170 297
p/without_mask_1594.jpg 1 0 0 305 165
p/without_mask_1595.jpg 1 0 0 284 177
p/without_mask_1596.jpg 1 0 0 237 213
p/without_mask_1597.jpg 1 0 0 225 225
p/without_mask_1598.jpg 1 0 0 225 225
p/without_mask_1599.jpg 1 0 0 300 168
p/without_mask_1600.jpg 1 0 0 259 194
p/without_mask_1601.jpg 1 0 0 168 299
p/without_mask_1602.jpg 1 0 0 143 139
p/without_mask_1603.jpg 1 0 0 176 286
p/without_mask_1604.jpg 1 0 0 192 262
p/without_mask_1605.jpg 1 0 0 183 275
p/without_mask_1606.jpg 1 0 0 210 240
p/without_mask_1607.jpg 1 0 0 175 287
p/without_mask_1608.jpg 1 0 0 201 251
p/without_mask_1609.jpg 1 0 0 187 270
p/without_mask_1610.jpg 1 0 0 262 193
p/without_mask_1611.jpg 1 0 0 183 275
p/without_mask_1612.jpg 1 0 0 225 225
p/without_mask_1613.jpg 1 0 0 137 119
p/without_mask_1614.jpg 1 0 0 193 262
p/without_mask_1615.jpg 1 0 0 285 177
p/without_mask_1616.jpg 1 0 0 194 259
p/without_mask_1617.jpg 1 0 0 181 279
p/without_mask_1618.jpg 1 0 0 176 286
p/without_mask_1619.jpg 1 0 0 194 259
p/without_mask_1620.jpg 1 0 0 201 250
p/without_mask_1621.jpg 1 0 0 224 225
p/without_mask_1622.jpg 1 0 0 266 189
p/without_mask_1623.jpg 1 0 0 183 275
p/without_mask_1624.jpg 1 0 0 152 150
p/without_mask_1625.jpg 1 0 0 279 181
p/without_mask_1626.jpg 1 0 0 225 225
p/without_mask_1627.jpg 1 0 0 266 190
p/without_mask_1628.jpg 1 0 0 300 168
p/without_mask_1629.jpg 1 0 0 260 194
p/without_mask_1630.jpg 1 0 0 266 190
p/without_mask_1631.jpg 1 0 0 205 246
p/without_mask_1632.jpg 1 0 0 265 190
p/without_mask_1633.jpg 1 0 0 168 299
p/without_mask_1634.jpg 1 0 0 265 190
p/without_mask_1635.jpg 1 0 0 144 129
p/without_mask_1636.jpg 1 0 0 300 168
p/without_mask_1637.jpg 1 0 0 243 207
p/without_mask_1638.jpg 1 0 0 173 290
p/without_mask_1639.jpg 1 0 0 183 275
p/without_mask_1640.jpg 1 0 0 191 264
p/without_mask_1641.jpg 1 0 0 225 225
p/without_mask_1642.jpg 1 0 0 259 194
p/without_mask_1643.jpg 1 0 0 187 270
p/without_mask_1644.jpg 1 0 0 275 183
p/without_mask_1645.jpg 1 0 0 305 165
p/without_mask_1646.jpg 1 0 0 156 138
p/without_mask_1647.jpg 1 0 0 201 251
p/without_mask_1648.jpg 1 0 0 213 236
p/without_mask_1649.jpg 1 0 0 301 167
p/without_mask_1650.jpg 1 0 0 217 232
p/without_mask_1651.jpg 1 0 0 199 253
p/without_mask_1652.jpg 1 0 0 300 168
p/without_mask_1653.jpg 1 0 0 225 225
p/without_mask_1654.jpg 1 0 0 262 192
p/without_mask_1655.jpg 1 0 0 179 282
p/without_mask_1656.jpg 1 0 0 201 251
p/without_mask_1657.jpg 1 0 0 140 122
p/without_mask_1658.jpg 1 0 0 300 168
p/without_mask_1659.jpg 1 0 0 216 233
p/without_mask_1660.jpg 1 0 0 300 168
p/without_mask_1661.jpg 1 0 0 184 275
p/without_mask_1662.jpg 1 0 0 211 239
p/without_mask_1663.jpg 1 0 0 193 261
p/without_mask_1664.jpg 1 0 0 224 224
p/without_mask_1665.jpg 1 0 0 183 275
p/without_mask_1666.jpg 1 0 0 318 159
p/without_mask_1667.jpg 1 0 0 225 225
p/without_mask_1668.jpg 1 0 0 152 123
p/without_mask_1669.jpg 1 0 0 148 137
p/without_mask_1670.jpg 1 0 0 315 160
p/without_mask_1671.jpg 1 0 0 224 225
p/without_mask_1672.jpg 1 0 0 259 194
p/without_mask_1673.jpg 1 0 0 225 225
p/without_mask_1674.jpg 1 0 0 199 253
p/without_mask_1675.jpg 1 0 0 259 194
p/without_mask_1676.jpg 1 0 0 220 229
p/without_mask_1677.jpg 1 0 0 275 183
p/without_mask_1678.jpg 1 0 0 190 190
p/without_mask_1679.jpg 1 0 0 259 194
p/without_mask_1680.jpg 1 0 0 146 134
p/without_mask_1681.jpg 1 0 0 183 275
p/without_mask_1682.jpg 1 0 0 168 299
p/without_mask_1683.jpg 1 0 0 318 159
p/without_mask_1684.jpg 1 0 0 225 225
p/without_mask_1685.jpg 1 0 0 183 275
p/without_mask_1686.jpg 1 0 0 191 263
p/without_mask_1687.jpg 1 0 0 183 275
p/without_mask_1688.jpg 1 0 0 209 241
p/without_mask_1689.jpg 1 0 0 292 173
p/without_mask_1690.jpg 1 0 0 183 275
p/without_mask_1691.jpg 1 0 0 144 92
p/without_mask_1692.jpg 1 0 0 218 232
p/without_mask_1693.jpg 1 0 0 201 250
p/without_mask_1694.jpg 1 0 0 374 135
p/without_mask_1695.jpg 1 0 0 262 192
p/without_mask_1696.jpg 1 0 0 181 279
p/without_mask_1697.jpg 1 0 0 200 200
p/without_mask_1698.jpg 1 0 0 279 180
p/without_mask_1699.jpg 1 0 0 168 299
p/without_mask_1700.jpg 1 0 0 251 201
p/without_mask_1701.jpg 1 0 0 168 299
p/without_mask_1702.jpg 1 0 0 115 121
p/without_mask_1703.jpg 1 0 0 218 231
p/without_mask_1704.jpg 1 0 0 275 183
p/without_mask_1705.jpg 1 0 0 225 225
p/without_mask_1706.jpg 1 0 0 225 225
p/without_mask_1707.jpg 1 0 0 177 285
p/without_mask_1708.jpg 1 0 0 183 275
p/without_mask_1709.jpg 1 0 0 208 242
p/without_mask_1710.jpg 1 0 0 183 276
p/without_mask_1711.jpg 1 0 0 183 275
p/without_mask_1712.jpg 1 0 0 236 176
p/without_mask_1713.jpg 1 0 0 159 118
p/without_mask_1714.jpg 1 0 0 204 248
p/without_mask_1715.jpg 1 0 0 201 251
p/without_mask_1716.jpg 1 0 0 198 254
p/without_mask_1717.jpg 1 0 0 177 285
p/without_mask_1718.jpg 1 0 0 261 193
p/without_mask_1719.jpg 1 0 0 183 276
p/without_mask_1720.jpg 1 0 0 292 173
p/without_mask_1721.jpg 1 0 0 300 168
p/without_mask_1722.jpg 1 0 0 203 248
p/without_mask_1723.jpg 1 0 0 259 194
p/without_mask_1724.jpg 1 0 0 144 135
p/without_mask_1725.jpg 1 0 0 259 194
p/without_mask_1726.jpg 1 0 0 225 225
p/without_mask_1727.jpg 1 0 0 171 294
p/without_mask_1728.jpg 1 0 0 168 300
p/without_mask_1729.jpg 1 0 0 200 200
p/without_mask_1730.jpg 1 0 0 259 194
p/without_mask_1731.jpg 1 0 0 342 147
p/without_mask_1732.jpg 1 0 0 194 259
p/without_mask_1733.jpg 1 0 0 195 258
p/without_mask_1734.jpg 1 0 0 183 275
p/without_mask_1735.jpg 1 0 0 136 122
p/without_mask_1736.jpg 1 0 0 318 159
p/without_mask_1737.jpg 1 0 0 173 291
p/without_mask_1738.jpg 1 0 0 178 284
p/without_mask_1739.jpg 1 0 0 216 233
p/without_mask_1740.jpg 1 0 0 201 251
p/without_mask_1741.jpg 1 0 0 259 194
p/without_mask_1742.jpg 1 0 0 188 269
p/without_mask_1743.jpg 1 0 0 178 284
p/without_mask_1744.jpg 1 0 0 298 169
p/without_mask_1745.jpg 1 0 0 259 194
p/without_mask_1746.jpg 1 0 0 154 132
p/without_mask_1747.jpg 1 0 0 216 233
p/without_mask_1748.jpg 1 0 0 265 190
p/without_mask_1749.jpg 1 0 0 262 193
p/without_mask_1750.jpg 1 0 0 183 275
p/without_mask_1751.jpg 1 0 0 184 274
p/without_mask_1752.jpg 1 0 0 183 275
p/without_mask_1753.jpg 1 0 0 193 261
p/without_mask_1754.jpg 1 0 0 186 270
p/without_mask_1755.jpg 1 0 0 310 162
p/without_mask_1756.jpg 1 0 0 280 180
p/without_mask_1757.jpg 1 0 0 147 153
p/without_mask_1758.jpg 1 0 0 225 225
p/without_mask_1759.jpg 1 0 0 183 275
p/without_mask_1760.jpg 1 0 0 236 118
p/without_mask_1761.jpg 1 0 0 321 157
p/without_mask_1762.jpg 1 0 0 201 251
p/without_mask_1763.jpg 1 0 0 300 168
p/without_mask_1764.jpg 1 0 0 183 275
p/without_mask_1765.jpg 1 0 0 300 168
p/without_mask_1766.jpg 1 0 0 201 251
p/without_mask_1767.jpg 1 0 0 176 286
p/without_mask_1768.jpg 1 0 0 146 125
p/without_mask_1769.jpg 1 0 0 283 178
p/without_mask_1770.jpg 1 0 0 183 275
p/without_mask_1771.jpg 1 0 0 273 185
p/without_mask_1772.jpg 1 0 0 363 139
p/without_mask_1773.jpg 1 0 0 232 217
p/without_mask_1774.jpg 1 0 0 184 274
p/without_mask_1775.jpg 1 0 0 265 190
p/without_mask_1776.jpg 1 0 0 308 164
p/without_mask_1777.jpg 1 0 0 195 259
p/without_mask_1778.jpg 1 0 0 177 284
p/without_mask_1779.jpg 1 0 0 149 121
p/without_mask_1780.jpg 1 0 0 157 142
p/without_mask_1781.jpg 1 0 0 353 143
p/without_mask_1782.jpg 1 0 0 190 266
p/without_mask_1783.jpg 1 0 0 292 173
p/without_mask_1784.jpg 1 0 0 168 300
p/without_mask_1785.jpg 1 0 0 332 152
p/without_mask_1786.jpg 1 0 0 184 274
p/without_mask_1787.jpg 1 0 0 275 183
p/without_mask_1788.jpg 1 0 0 195 259
p/without_mask_1789.jpg 1 0 0 225 225
p/without_mask_1790.jpg 1 0 0 313 161
p/without_mask_1791.jpg 1 0 0 140 149
p/without_mask_1792.jpg 1 0 0 284 177
p/without_mask_1793.jpg 1 0 0 302 167
p/without_mask_1794.jpg 1 0 0 178 283
p/without_mask_1795.jpg 1 0 0 183 275
p/without_mask_1796.jpg 1 0 0 270 187
p/without_mask_1797.jpg 1 0 0 259 194
p/without_mask_1798.jpg 1 0 0 183 275
p/without_mask_1799.jpg 1 0 0 224 224
p/without_mask_1800.jpg 1 0 0 196 258
p/without_mask_1801.jpg 1 0 0 160 316
p/without_mask_1802.jpg 1 0 0 135 133
p/without_mask_1803.jpg 1 0 0 208 242
p/without_mask_1804.jpg 1 0 0 183 275
p/without_mask_1805.jpg 1 0 0 168 299
p/without_mask_1806.jpg 1 0 0 265 190
p/without_mask_1807.jpg 1 0 0 262 192
p/without_mask_1808.jpg 1 0 0 203 248
p/without_mask_1809.jpg 1 0 0 169 298
p/without_mask_1810.jpg 1 0 0 190 266
p/without_mask_1811.jpg 1 0 0 168 299
p/without_mask_1812.jpg 1 0 0 168 299
p/without_mask_1813.jpg 1 0 0 143 139
p/without_mask_1814.jpg 1 0 0 277 182
p/without_mask_1815.jpg 1 0 0 183 275
p/without_mask_1816.jpg 1 0 0 198 255
p/without_mask_1817.jpg 1 0 0 183 275
p/without_mask_1818.jpg 1 0 0 235 215
p/without_mask_1819.jpg 1 0 0 201 251
p/without_mask_1820.jpg 1 0 0 285 177
p/without_mask_1821.jpg 1 0 0 183 276
p/without_mask_1822.jpg 1 0 0 261 193
p/without_mask_1823.jpg 1 0 0 225 225
p/without_mask_1824.jpg 1 0 0 150 139
p/without_mask_1825.jpg 1 0 0 175 289
p/without_mask_1826.jpg 1 0 0 192 263
p/without_mask_1827.jpg 1 0 0 177 284
p/without_mask_1828.jpg 1 0 0 183 275
p/without_mask_1829.jpg 1 0 0 225 225
p/without_mask_1830.jpg 1 0 0 262 192
p/without_mask_1831.jpg 1 0 0 254 199
p/without_mask_1832.jpg 1 0 0 352 143
p/without_mask_1833.jpg 1 0 0 180 280
p/without_mask_1834.jpg 1 0 0 195 259
p/without_mask_1835.jpg 1 0 0 148 127
p/without_mask_1836.jpg 1 0 0 205 246
p/without_mask_1837.jpg 1 0 0 178 284
p/without_mask_1838.jpg 1 0 0 241 209
p/without_mask_1839.jpg 1 0 0 225 225
p/without_mask_1840.jpg 1 0 0 183 275
p/without_mask_1841.jpg 1 0 0 299 169
p/without_mask_1842.jpg 1 0 0 259 194
p/without_mask_1843.jpg 1 0 0 300 168
p/without_mask_1844.jpg 1 0 0 183 276
p/without_mask_1845.jpg 1 0 0 192 262
p/without_mask_1846.jpg 1 0 0 129 135
p/without_mask_1847.jpg 1 0 0 183 276
p/without_mask_1848.jpg 1 0 0 300 168
p/without_mask_1849.jpg 1 0 0 327 154
p/without_mask_1850.jpg 1 0 0 265 190
p/without_mask_1851.jpg 1 0 0 206 245
p/without_mask_1852.jpg 1 0 0 233 217
p/without_mask_1853.jpg 1 0 0 265 190
p/without_mask_1854.jpg 1 0 0 177 285
p/without_mask_1855.jpg 1 0 0 225 225
p/without_mask_1856.jpg 1 0 0 240 210
p/without_mask_1857.jpg 1 0 0 134 128
p/without_mask_1858.jpg 1 0 0 198 255
p/without_mask_1859.jpg 1 0 0 173 292
p/without_mask_1860.jpg 1 0 0 183 275
p/without_mask_1861.jpg 1 0 0 300 168
p/without_mask_1862.jpg 1 0 0 160 314
p/without_mask_1863.jpg 1 0 0 225 225
p/without_mask_1864.jpg 1 0 0 182 276
p/without_mask_1865.jpg 1 0 0 299 168
p/without_mask_1866.jpg 1 0 0 275 183
p/without_mask_1867.jpg 1 0 0 193 261
p/without_mask_1868.jpg 1 0 0 129 125
p/without_mask_1869.jpg 1 0 0 200 252
p/without_mask_1870.jpg 1 0 0 209 241
p/without_mask_1871.jpg 1 0 0 177 284
p/without_mask_1872.jpg 1 0 0 224 225
p/without_mask_1873.jpg 1 0 0 178 283
p/without_mask_1874.jpg 1 0 0 192 263
p/without_mask_1875.jpg 1 0 0 278 181
p/without_mask_1876.jpg 1 0 0 220 220
p/without_mask_1877.jpg 1 0 0 226 223
p/without_mask_1878.jpg 1 0 0 236 179
p/without_mask_1879.jpg 1 0 0 138 141
p/without_mask_1880.jpg 1 0 0 310 162
p/without_mask_1881.jpg 1 0 0 183 275
p/without_mask_1882.jpg 1 0 0 225 225
p/without_mask_1883.jpg 1 0 0 301 167
p/without_mask_1884.jpg 1 0 0 310 163
p/without_mask_1885.jpg 1 0 0 183 275
p/without_mask_1886.jpg 1 0 0 183 275
p/without_mask_1887.jpg 1 0 0 205 246
p/without_mask_1888.jpg 1 0 0 310 162
p/without_mask_1889.jpg 1 0 0 259 194
p/without_mask_1890.jpg 1 0 0 159 129
p/without_mask_1891.jpg 1 0 0 126 141
p/without_mask_1892.jpg 1 0 0 206 245
p/without_mask_1893.jpg 1 0 0 300 168
p/without_mask_1894.jpg 1 0 0 183 275
p/without_mask_1895.jpg 1 0 0 225 225
p/without_mask_1896.jpg 1 0 0 177 285
p/without_mask_1897.jpg 1 0 0 201 251
p/without_mask_1898.jpg 1 0 0 225 225
p/without_mask_1899.jpg 1 0 0 184 274
p/without_mask_1900.jpg 1 0 0 310 163
p/without_mask_1901.jpg 1 0 0 169 298
p/without_mask_1902.jpg 1 0 0 140 143
p/without_mask_1903.jpg 1 0 0 183 275
p/without_mask_1904.jpg 1 0 0 262 192
p/without_mask_1905.jpg 1 0 0 301 167
p/without_mask_1906.jpg 1 0 0 175 287
p/without_mask_1907.jpg 1 0 0 300 168
p/without_mask_1908.jpg 1 0 0 201 251
p/without_mask_1909.jpg 1 0 0 225 225
p/without_mask_1910.jpg 1 0 0 183 275
p/without_mask_1911.jpg 1 0 0 225 225
p/without_mask_1912.jpg 1 0 0 201 251
p/without_mask_1913.jpg 1 0 0 146 149
p/without_mask_1914.jpg 1 0 0 262 192
p/without_mask_1915.jpg 1 0 0 183 275
p/without_mask_1916.jpg 1 0 0 278 181
p/without_mask_1917.jpg 1 0 0 194 260
p/without_mask_1918.jpg 1 0 0 222 227
p/without_mask_1919.jpg 1 0 0 192 262
p/without_mask_1920.jpg 1 0 0 300 168
p/without_mask_1921.jpg 1 0 0 207 243
p/without_mask_1922.jpg 1 0 0 169 298
p/without_mask_1923.jpg 1 0 0 176 286
p/without_mask_1924.jpg 1 0 0 152 144
p/without_mask_1925.jpg 1 0 0 317 159
p/without_mask_1926.jpg 1 0 0 190 265
p/without_mask_1927.jpg 1 0 0 184 274
p/without_mask_1928.jpg 1 0 0 259 195
p/without_mask_1929.jpg 1 0 0 174 290
p/without_mask_1930.jpg 1 0 0 311 162
p/without_mask_1931.jpg 1 0 0 193 261
p/without_mask_1932.jpg 1 0 0 265 190
p/without_mask_1933.jpg 1 0 0 231 218
p/without_mask_1934.jpg 1 0 0 207 243
p/without_mask_1935.jpg 1 0 0 145 144
p/without_mask_1936.jpg 1 0 0 194 259
p/without_mask_1937.jpg 1 0 0 389 130
p/without_mask_1938.jpg 1 0 0 169 299
p/without_mask_1939.jpg 1 0 0 204 247
p/without_mask_1940.jpg 1 0 0 225 225
p/without_mask_1941.jpg 1 0 0 191 264
p/without_mask_1942.jpg 1 0 0 223 226
p/without_mask_1943.jpg 1 0 0 200 252
p/without_mask_1944.jpg 1 0 0 201 251
p/without_mask_1945.jpg 1 0 0 201 251
p/without_mask_1946.jpg 1 0 0 135 140
p/without_mask_1947.jpg 1 0 0 195 259
p/without_mask_1948.jpg 1 0 0 272 185
p/without_mask_1949.jpg 1 0 0 259 195
p/without_mask_1950.jpg 1 0 0 177 285
p/without_mask_1951.jpg 1 0 0 278 181
p/without_mask_1952.jpg 1 0 0 183 275
p/without_mask_1953.jpg 1 0 0 183 275
p/without_mask_1954.jpg 1 0 0 236 157
p/without_mask_1955.jpg 1 0 0 183 275
p/without_mask_1956.jpg 1 0 0 188 268
p/without_mask_1957.jpg 1 0 0 125 126
p/without_mask_1958.jpg 1 0 0 262 192
p/without_mask_1959.jpg 1 0 0 188 268
p/without_mask_1960.jpg 1 0 0 183 276
p/without_mask_1961.jpg 1 0 0 154 326
p/without_mask_1962.jpg 1 0 0 225 225
p/without_mask_1963.jpg 1 0 0 197 256
p/without_mask_1964.jpg 1 0 0 183 275
p/without_mask_1965.jpg 1 0 0 334 151
p/without_mask_1966.jpg 1 0 0 225 225
p/without_mask_1967.jpg 1 0 0 194 260
p/without_mask_1968.jpg 1 0 0 144 138
p/without_mask_1969.jpg 1 0 0 168 299
p/without_mask_1970.jpg 1 0 0 183 275
p/without_mask_1971.jpg 1 0 0 300 168
p/without_mask_1972.jpg 1 0 0 201 251
p/without_mask_1973.jpg 1 0 0 195 259
p/without_mask_1974.jpg 1 0 0 241 209
p/without_mask_1975.jpg 1 0 0 194 259
p/without_mask_1976.jpg 1 0 0 200 200
p/without_mask_1977.jpg 1 0 0 225 225
p/without_mask_1978.jpg 1 0 0 175 287
p/without_mask_1979.jpg 1 0 0 152 131
p/without_mask_1980.jpg 1 0 0 275 183
p/without_mask_1981.jpg 1 0 0 201 251
p/without_mask_1982.jpg 1 0 0 298 169
p/without_mask_1983.jpg 1 0 0 275 183
p/without_mask_1984.jpg 1 0 0 201 251
p/without_mask_1985.jpg 1 0 0 259 194
p/without_mask_1986.jpg 1 0 0 168 299
p/without_mask_1987.jpg 1 0 0 225 224
p/without_mask_1988.jpg 1 0 0 195 259
p/without_mask_1989.jpg 1 0 0 168 299
p/without_mask_1990.jpg 1 0 0 154 141
p/without_mask_1991.jpg 1 0 0 195 259
p/without_mask_1992.jpg 1 0 0 275 183
p/without_mask_1993.jpg 1 0 0 168 94
p/without_mask_1994.jpg 1 0 0 183 275
p/without_mask_1995.jpg 1 0 0 177 285
p/without_mask_1996.jpg 1 0 0 217 232
p/without_mask_1997.jpg 1 0 0 207 243
p/without_mask_1998.jpg 1 0 0 225 225
p/without_mask_1999.jpg 1 0 0 310 163
p/without_mask_2000.jpg 1 0 0 180 280
p/without_mask_2001.jpg 1 0 0 142 137
p/without_mask_2002.jpg 1 0 0 143 136
p/without_mask_2003.jpg 1 0 0 168 300
p/without_mask_2004.jpg 1 0 0 280 180
p/without_mask_2005.jpg 1 0 0 223 226
p/without_mask_2006.jpg 1 0 0 300 168
p/without_mask_2007.jpg 1 0 0 183 275
p/without_mask_2008.jpg 1 0 0 376 134
p/without_mask_2009.jpg 1 0 0 183 275
p/without_mask_2010.jpg 1 0 0 301 167
p/without_mask_2011.jpg 1 0 0 177 285
p/without_mask_2012.jpg 1 0 0 178 283
p/without_mask_2013.jpg 1 0 0 152 136
p/without_mask_2014.jpg 1 0 0 300 168
p/without_mask_2015.jpg 1 0 0 275 183
p/without_mask_2016.jpg 1 0 0 169 298
p/without_mask_2017.jpg 1 0 0 193 261
p/without_mask_2018.jpg 1 0 0 251 201
p/without_mask_2019.jpg 1 0 0 380 133
p/without_mask_2020.jpg 1 0 0 179 282
p/without_mask_2021.jpg 1 0 0 195 259
p/without_mask_2022.jpg 1 0 0 201 251
p/without_mask_2023.jpg 1 0 0 193 261
p/without_mask_2024.jpg 1 0 0 141 123
p/without_mask_2025.jpg 1 0 0 308 164
p/without_mask_2026.jpg 1 0 0 224 225
p/without_mask_2027.jpg 1 0 0 304 166
p/without_mask_2028.jpg 1 0 0 194 259
p/without_mask_2029.jpg 1 0 0 212 238
p/without_mask_2030.jpg 1 0 0 195 258
p/without_mask_2031.jpg 1 0 0 225 225
p/without_mask_2032.jpg 1 0 0 224 224
p/without_mask_2033.jpg 1 0 0 274 184
p/without_mask_2034.jpg 1 0 0 188 268
p/without_mask_2035.jpg 1 0 0 142 137
p/without_mask_2036.jpg 1 0 0 225 225
p/without_mask_2037.jpg 1 0 0 223 227
p/without_mask_2038.jpg 1 0 0 183 275
p/without_mask_2039.jpg 1 0 0 200 252
p/without_mask_2040.jpg 1 0 0 184 274
p/without_mask_2041.jpg 1 0 0 199 253
p/without_mask_2042.jpg 1 0 0 248 203
p/without_mask_2043.jpg 1 0 0 312 161
p/without_mask_2044.jpg 1 0 0 221 228
p/without_mask_2045.jpg 1 0 0 178 283
p/without_mask_2046.jpg 1 0 0 153 142
p/without_mask_2047.jpg 1 0 0 225 225
p/without_mask_2048.jpg 1 0 0 189 267
p/without_mask_2049.jpg 1 0 0 268 188
p/without_mask_2050.jpg 1 0 0 225 225
p/without_mask_2051.jpg 1 0 0 190 265
p/without_mask_2052.jpg 1 0 0 206 245
p/without_mask_2053.jpg 1 0 0 177 285
p/without_mask_2054.jpg 1 0 0 270 187
p/without_mask_2055.jpg 1 0 0 225 225
p/without_mask_2056.jpg 1 0 0 183 275
p/without_mask_2057.jpg 1 0 0 141 136
p/without_mask_2058.jpg 1 0 0 275 183
p/without_mask_2059.jpg 1 0 0 150 200
p/without_mask_2060.jpg 1 0 0 228 221
p/without_mask_2061.jpg 1 0 0 183 275
p/without_mask_2062.jpg 1 0 0 223 226
p/without_mask_2063.jpg 1 0 0 179 281
p/without_mask_2064.jpg 1 0 0 254 199
p/without_mask_2065.jpg 1 0 0 225 225
p/without_mask_2066.jpg 1 0 0 192 263
p/without_mask_2067.jpg 1 0 0 225 225
p/without_mask_2068.jpg 1 0 0 119 125
p/without_mask_2069.jpg 1 0 0 194 259
p/without_mask_2070.jpg 1 0 0 204 247
p/without_mask_2071.jpg 1 0 0 224 224
p/without_mask_2072.jpg 1 0 0 259 194
p/without_mask_2073.jpg 1 0 0 188 216
p/without_mask_2074.jpg 1 0 0 225 225
p/without_mask_2075.jpg 1 0 0 205 246
p/without_mask_2076.jpg 1 0 0 194 259
p/without_mask_2077.jpg 1 0 0 227 222
p/without_mask_2078.jpg 1 0 0 200 253
p/without_mask_2079.jpg 1 0 0 144 119
p/without_mask_2080.jpg 1 0 0 194 259
p/without_mask_2081.jpg 1 0 0 195 259
p/without_mask_2082.jpg 1 0 0 225 225
p/without_mask_2083.jpg 1 0 0 268 188
p/without_mask_2084.jpg 1 0 0 259 194
p/without_mask_2085.jpg 1 0 0 225 225
p/without_mask_2086.jpg 1 0 0 198 254
p/without_mask_2087.jpg 1 0 0 191 264
p/without_mask_2088.jpg 1 0 0 183 276
p/without_mask_2089.jpg 1 0 0 194 259
p/without_mask_2090.jpg 1 0 0 157 115
p/without_mask_2091.jpg 1 0 0 210 240
p/without_mask_2092.jpg 1 0 0 199 253
p/without_mask_2093.jpg 1 0 0 191 264
p/without_mask_2094.jpg 1 0 0 226 223
p/without_mask_2095.jpg 1 0 0 181 278
p/without_mask_2096.jpg 1 0 0 199 253
p/without_mask_2097.jpg 1 0 0 194 259
p/without_mask_2098.jpg 1 0 0 160 200
p/without_mask_2099.jpg 1 0 0 175 289
p/without_mask_2100.jpg 1 0 0 225 225
p/without_mask_2101.jpg 1 0 0 126 121
p/without_mask_2102.jpg 1 0 0 201 251
p/without_mask_2103.jpg 1 0 0 183 275
p/without_mask_2104.jpg 1 0 0 194 259
p/without_mask_2105.jpg 1 0 0 198 254
p/without_mask_2106.jpg 1 0 0 225 225
p/without_mask_2107.jpg 1 0 0 181 279
p/without_mask_2108.jpg 1 0 0 187 270
p/without_mask_2109.jpg 1 0 0 302 167
p/without_mask_2110.jpg 1 0 0 232 217
p/without_mask_2111.jpg 1 0 0 194 259
p/without_mask_2112.jpg 1 0 0 153 139
p/without_mask_2113.jpg 1 0 0 140 136
p/without_mask_2114.jpg 1 0 0 223 226
p/without_mask_2115.jpg 1 0 0 224 225
p/without_mask_2116.jpg 1 0 0 225 225
p/without_mask_2117.jpg 1 0 0 180 280
p/without_mask_2118.jpg 1 0 0 189 245
p/without_mask_2119.jpg 1 0 0 208 243
p/without_mask_2120.jpg 1 0 0 194 259
p/without_mask_2121.jpg 1 0 0 120 150
p/without_mask_2122.jpg 1 0 0 181 278
p/without_mask_2123.jpg 1 0 0 194 259
p/without_mask_2124.jpg 1 0 0 150 134
p/without_mask_2125.jpg 1 0 0 225 225
p/without_mask_2126.jpg 1 0 0 225 225
p/without_mask_2127.jpg 1 0 0 220 229
p/without_mask_2128.jpg 1 0 0 201 251
p/without_mask_2129.jpg 1 0 0 225 225
p/without_mask_2130.jpg 1 0 0 284 177
p/without_mask_2131.jpg 1 0 0 268 188
p/without_mask_2132.jpg 1 0 0 391 129
p/without_mask_2133.jpg 1 0 0 202 250
p/without_mask_2134.jpg 1 0 0 299 168
p/without_mask_2135.jpg 1 0 0 148 154
p/without_mask_2136.jpg 1 0 0 144 350
p/without_mask_2137.jpg 1 0 0 100 125
p/without_mask_2138.jpg 1 0 0 255 197
p/without_mask_2139.jpg 1 0 0 216 233
p/without_mask_2140.jpg 1 0 0 225 225
p/without_mask_2141.jpg 1 0 0 207 243
p/without_mask_2142.jpg 1 0 0 274 184
p/without_mask_2143.jpg 1 0 0 259 194
p/without_mask_2144.jpg 1 0 0 173 280
p/without_mask_2145.jpg 1 0 0 201 251
p/without_mask_2146.jpg 1 0 0 136 116
p/without_mask_2147.jpg 1 0 0 225 224
p/without_mask_2148.jpg 1 0 0 194 260
p/without_mask_2149.jpg 1 0 0 210 240
p/without_mask_2150.jpg 1 0 0 225 225
p/without_mask_2151.jpg 1 0 0 225 225
p/without_mask_2152.jpg 1 0 0 259 194
p/without_mask_2153.jpg 1 0 0 162 163
p/without_mask_2154.jpg 1 0 0 201 251
p/without_mask_2155.jpg 1 0 0 265 190
p/without_mask_2156.jpg 1 0 0 194 259
p/without_mask_2157.jpg 1 0 0 153 127
p/without_mask_2158.jpg 1 0 0 179 281
p/without_mask_2159.jpg 1 0 0 182 277
p/without_mask_2160.jpg 1 0 0 225 225
p/without_mask_2161.jpg 1 0 0 208 242
p/without_mask_2162.jpg 1 0 0 214 236
p/without_mask_2163.jpg 1 0 0 259 194
p/without_mask_2164.jpg 1 0 0 265 190
p/without_mask_2165.jpg 1 0 0 225 225
p/without_mask_2166.jpg 1 0 0 198 255
p/without_mask_2167.jpg 1 0 0 197 256
p/without_mask_2168.jpg 1 0 0 155 148
p/without_mask_2169.jpg 1 0 0 390 129
p/without_mask_2170.jpg 1 0 0 223 226
p/without_mask_2171.jpg 1 0 0 194 259
p/without_mask_2172.jpg 1 0 0 225 225
p/without_mask_2173.jpg 1 0 0 183 275
p/without_mask_2174.jpg 1 0 0 210 240
p/without_mask_2175.jpg 1 0 0 198 255
p/without_mask_2176.jpg 1 0 0 257 196
p/without_mask_2177.jpg 1 0 0 300 168
p/without_mask_2178.jpg 1 0 0 194 259
p/without_mask_2179.jpg 1 0 0 133 113
p/without_mask_2180.jpg 1 0 0 208 243
p/without_mask_2181.jpg 1 0 0 225 224
p/without_mask_2182.jpg 1 0 0 208 242
p/without_mask_2183.jpg 1 0 0 192 263
p/without_mask_2184.jpg 1 0 0 268 188
p/without_mask_2185.jpg 1 0 0 190 265
p/without_mask_2186.jpg 1 0 0 202 249
p/without_mask_2187.jpg 1 0 0 259 194
p/without_mask_2188.jpg 1 0 0 194 259
p/without_mask_2189.jpg 1 0 0 259 194
p/without_mask_2190.jpg 1 0 0 142 108
p/without_mask_2191.jpg 1 0 0 225 225
p/without_mask_2192.jpg 1 0 0 225 225
p/without_mask_2193.jpg 1 0 0 299 168
p/without_mask_2194.jpg 1 0 0 201 251
p/without_mask_2195.jpg 1 0 0 259 194
p/without_mask_2196.jpg 1 0 0 225 225
p/without_mask_2197.jpg 1 0 0 299 168
p/without_mask_2198.jpg 1 0 0 225 225
p/without_mask_2199.jpg 1 0 0 193 261
p/without_mask_2200.jpg 1 0 0 311 162
p/without_mask_2201.jpg 1 0 0 134 132
p/without_mask_2202.jpg 1 0 0 172 292
p/without_mask_2203.jpg 1 0 0 259 194
p/without_mask_2204.jpg 1 0 0 201 251
p/without_mask_2205.jpg 1 0 0 243 207
p/without_mask_2206.jpg 1 0 0 259 194
p/without_mask_2207.jpg 1 0 0 177 285
p/without_mask_2208.jpg 1 0 0 185 250
p/without_mask_2209.jpg 1 0 0 225 225
p/without_mask_2210.jpg 1 0 0 289 175
p/without_mask_2211.jpg 1 0 0 225 225
p/without_mask_2212.jpg 1 0 0 149 134
p/without_mask_2213.jpg 1 0 0 173 291
p/without_mask_2214.jpg 1 0 0 259 194
p/without_mask_2215.jpg 1 0 0 232 217
p/without_mask_2216.jpg 1 0 0 194 259
p/without_mask_2217.jpg 1 0 0 299 168
p/without_mask_2218.jpg 1 0 0 225 225
p/without_mask_2219.jpg 1 0 0 225 225
p/without_mask_2220.jpg 1 0 0 300 168
p/without_mask_2221.jpg 1 0 0 225 225
p/without_mask_2222.jpg 1 0 0 204 247
p/without_mask_2223.jpg 1 0 0 152 135
p/without_mask_2224.jpg 1 0 0 156 143
p/without_mask_2225.jpg 1 0 0 126 122
p/without_mask_2226.jpg 1 0 0 223 226
p/without_mask_2227.jpg 1 0 0 310 163
p/without_mask_2228.jpg 1 0 0 210 130
p/without_mask_2229.jpg 1 0 0 194 259
p/without_mask_2230.jpg 1 0 0 184 274
p/without_mask_2231.jpg 1 0 0 276 183
p/without_mask_2232.jpg 1 0 0 299 169
p/without_mask_2233.jpg 1 0 0 225 225
p/without_mask_2234.jpg 1 0 0 225 225
p/without_mask_2235.jpg 1 0 0 194 259
p/without_mask_2236.jpg 1 0 0 141 134
p/without_mask_2237.jpg 1 0 0 208 242
p/without_mask_2238.jpg 1 0 0 177 285
p/without_mask_2239.jpg 1 0 0 225 225
p/without_mask_2240.jpg 1 0 0 225 225
p/without_mask_2241.jpg 1 0 0 265 190
p/without_mask_2242.jpg 1 0 0 194 259
p/without_mask_2243.jpg 1 0 0 208 243
p/without_mask_2244.jpg 1 0 0 200 233
p/without_mask_2245.jpg 1 0 0 225 225
p/without_mask_2246.jpg 1 0 0 265 190
p/without_mask_2247.jpg 1 0 0 141 143
p/without_mask_2248.jpg 1 0 0 202 249
p/without_mask_2249.jpg 1 0 0 166 304
p/without_mask_2250.jpg 1 0 0 275 183
p/without_mask_2251.jpg 1 0 0 225 225
p/without_mask_2252.jpg 1 0 0 275 183
p/without_mask_2253.jpg 1 0 0 194 259
p/without_mask_2254.jpg 1 0 0 225 225
p/without_mask_2255.jpg 1 0 0 185 272
p/without_mask_2256.jpg 1 0 0 275 183
p/without_mask_2257.jpg 1 0 0 225 225
p/without_mask_2258.jpg 1 0 0 133 128
p/without_mask_2259.jpg 1 0 0 205 246
p/without_mask_2260.jpg 1 0 0 225 225
p/without_mask_2261.jpg 1 0 0 289 175
p/without_mask_2262.jpg 1 0 0 225 225
p/without_mask_2263.jpg 1 0 0 194 259
p/without_mask_2264.jpg 1 0 0 275 183
p/without_mask_2265.jpg 1 0 0 275 183
p/without_mask_2266.jpg 1 0 0 224 224
p/without_mask_2267.jpg 1 0 0 191 264
p/without_mask_2268.jpg 1 0 0 159 317
p/without_mask_2269.jpg 1 0 0 154 148
p/without_mask_2270.jpg 1 0 0 232 217
p/without_mask_2271.jpg 1 0 0 255 198
p/without_mask_2272.jpg 1 0 0 225 225
p/without_mask_2273.jpg 1 0 0 265 190
p/without_mask_2274.jpg 1 0 0 265 190
p/without_mask_2275.jpg 1 0 0 203 248
p/without_mask_2276.jpg 1 0 0 200 225
p/without_mask_2277.jpg 1 0 0 192 256
p/without_mask_2278.jpg 1 0 0 256 197
p/without_mask_2279.jpg 1 0 0 225 225
p/without_mask_2280.jpg 1 0 0 130 138
p/without_mask_2281.jpg 1 0 0 225 225
p/without_mask_2282.jpg 1 0 0 181 278
p/without_mask_2283.jpg 1 0 0 225 225
p/without_mask_2284.jpg 1 0 0 202 249
p/without_mask_2285.jpg 1 0 0 225 225
p/without_mask_2286.jpg 1 0 0 183 275
p/without_mask_2287.jpg 1 0 0 183 275
p/without_mask_2288.jpg 1 0 0 265 190
p/without_mask_2289.jpg 1 0 0 259 194
p/without_mask_2290.jpg 1 0 0 265 190
p/without_mask_2291.jpg 1 0 0 139 140
p/without_mask_2292.jpg 1 0 0 190 266
p/without_mask_2293.jpg 1 0 0 225 225
p/without_mask_2294.jpg 1 0 0 194 259
p/without_mask_2295.jpg 1 0 0 207 243
p/without_mask_2296.jpg 1 0 0 225 225
p/without_mask_2297.jpg 1 0 0 225 225
p/without_mask_2298.jpg 1 0 0 189 267
p/without_mask_2299.jpg 1 0 0 225 225
p/without_mask_2300.jpg 1 0 0 174 290
p/without_mask_2301.jpg 1 0 0 275 183
p/without_mask_2302.jpg 1 0 0 144 144
p/without_mask_2303.jpg 1 0 0 286 176
p/without_mask_2304.jpg 1 0 0 275 183
p/without_mask_2305.jpg 1 0 0 255 198
p/without_mask_2306.jpg 1 0 0 181 279
p/without_mask_2307.jpg 1 0 0 224 225
p/without_mask_2308.jpg 1 0 0 232 218
p/without_mask_2309.jpg 1 0 0 250 202
p/without_mask_2310.jpg 1 0 0 297 170
p/without_mask_2311.jpg 1 0 0 260 194
p/without_mask_2312.jpg 1 0 0 259 194
p/without_mask_2313.jpg 1 0 0 143 134
p/without_mask_2314.jpg 1 0 0 242 208
p/without_mask_2315.jpg 1 0 0 165 305
p/without_mask_2316.jpg 1 0 0 202 249
p/without_mask_2317.jpg 1 0 0 191 264
p/without_mask_2318.jpg 1 0 0 225 225
p/without_mask_2319.jpg 1 0 0 180 280
p/without_mask_2320.jpg 1 0 0 178 282
p/without_mask_2321.jpg 1 0 0 299 169
p/without_mask_2322.jpg 1 0 0 208 242
p/without_mask_2323.jpg 1 0 0 275 183
p/without_mask_2324.jpg 1 0 0 131 104
p/without_mask_2325.jpg 1 0 0 259 194
p/without_mask_2326.jpg 1 0 0 275 183
p/without_mask_2327.jpg 1 0 0 225 225
p/without_mask_2328.jpg 1 0 0 225 225
p/without_mask_2329.jpg 1 0 0 225 225
p/without_mask_2330.jpg 1 0 0 194 259
p/without_mask_2331.jpg 1 0 0 204 247
p/without_mask_2332.jpg 1 0 0 225 225
p/without_mask_2333.jpg 1 0 0 259 194
p/without_mask_2334.jpg 1 0 0 241 209
p/without_mask_2335.jpg 1 0 0 136 130
p/without_mask_2336.jpg 1 0 0 157 150
p/without_mask_2337.jpg 1 0 0 193 261
p/without_mask_2338.jpg 1 0 0 275 183
p/without_mask_2339.jpg 1 0 0 183 275
p/without_mask_2340.jpg 1 0 0 203 249
p/without_mask_2341.jpg 1 0 0 275 183
p/without_mask_2342.jpg 1 0 0 205 246
p/without_mask_2343.jpg 1 0 0 181 279
p/without_mask_2344.jpg 1 0 0 194 259
p/without_mask_2345.jpg 1 0 0 225 224
p/without_mask_2346.jpg 1 0 0 173 280
p/without_mask_2347.jpg 1 0 0 118 119
p/without_mask_2348.jpg 1 0 0 267 189
p/without_mask_2349.jpg 1 0 0 259 194
p/without_mask_2350.jpg 1 0 0 205 246
p/without_mask_2351.jpg 1 0 0 183 275
p/without_mask_2352.jpg 1 0 0 198 255
p/without_mask_2353.jpg 1 0 0 225 225
p/without_mask_2354.jpg 1 0 0 207 244
p/without_mask_2355.jpg 1 0 0 216 233
p/without_mask_2356.jpg 1 0 0 272 185
p/without_mask_2357.jpg 1 0 0 216 233
p/without_mask_2358.jpg 1 0 0 144 109
p/without_mask_2359.jpg 1 0 0 225 225
p/without_mask_2360.jpg 1 0 0 225 225
p/without_mask_2361.jpg 1 0 0 253 199
p/without_mask_2362.jpg 1 0 0 225 225
p/without_mask_2363.jpg 1 0 0 183 275
p/without_mask_2364.jpg 1 0 0 199 253
p/without_mask_2365.jpg 1 0 0 194 259
p/without_mask_2366.jpg 1 0 0 190 266
p/without_mask_2367.jpg 1 0 0 194 259
p/without_mask_2368.jpg 1 0 0 300 168
p/without_mask_2369.jpg 1 0 0 136 131
p/without_mask_2370.jpg 1 0 0 311 162
p/without_mask_2371.jpg 1 0 0 271 186
p/without_mask_2372.jpg 1 0 0 275 183
p/without_mask_2373.jpg 1 0 0 225 225
p/without_mask_2374.jpg 1 0 0 265 190
p/without_mask_2375.jpg 1 0 0 194 259
p/without_mask_2376.jpg 1 0 0 265 190
p/without_mask_2377.jpg 1 0 0 205 246
p/without_mask_2378.jpg 1 0 0 208 243
p/without_mask_2379.jpg 1 0 0 225 225
p/without_mask_2380.jpg 1 0 0 136 133
p/without_mask_2381.jpg 1 0 0 225 225
p/without_mask_2382.jpg 1 0 0 243 207
p/without_mask_2383.jpg 1 0 0 192 263
p/without_mask_2384.jpg 1 0 0 183 276
p/without_mask_2385.jpg 1 0 0 225 225
p/without_mask_2386.jpg 1 0 0 222 227
p/without_mask_2387.jpg 1 0 0 276 183
p/without_mask_2388.jpg 1 0 0 194 259
p/without_mask_2389.jpg 1 0 0 232 217
p/without_mask_2390.jpg 1 0 0 186 271
p/without_mask_2391.jpg 1 0 0 145 132
p/without_mask_2392.jpg 1 0 0 179 281
p/without_mask_2393.jpg 1 0 0 299 168
p/without_mask_2394.jpg 1 0 0 225 224
p/without_mask_2395.jpg 1 0 0 260 194
p/without_mask_2396.jpg 1 0 0 205 246
p/without_mask_2397.jpg 1 0 0 205 246
p/without_mask_2398.jpg 1 0 0 223 226
p/without_mask_2399.jpg 1 0 0 157 201
p/without_mask_2400.jpg 1 0 0 195 258
p/without_mask_2401.jpg 1 0 0 225 225
p/without_mask_2402.jpg 1 0 0 151 131
p/without_mask_2403.jpg 1 0 0 265 190
p/without_mask_2404.jpg 1 0 0 170 170
p/without_mask_2405.jpg 1 0 0 319 158
p/without_mask_2406.jpg 1 0 0 223 226
p/without_mask_2407.jpg 1 0 0 259 194
p/without_mask_2408.jpg 1 0 0 205 245
p/without_mask_2409.jpg 1 0 0 225 225
p/without_mask_2410.jpg 1 0 0 345 146
p/without_mask_2411.jpg 1 0 0 182 277
p/without_mask_2412.jpg 1 0 0 192 262
p/without_mask_2413.jpg 1 0 0 140 127
p/without_mask_2414.jpg 1 0 0 267 189
p/without_mask_2415.jpg 1 0 0 240 160
p/without_mask_2416.jpg 1 0 0 194 259
p/without_mask_2417.jpg 1 0 0 195 258
p/without_mask_2418.jpg 1 0 0 299 168
p/without_mask_2419.jpg 1 0 0 265 190
p/without_mask_2420.jpg 1 0 0 275 183
p/without_mask_2421.jpg 1 0 0 218 231
p/without_mask_2422.jpg 1 0 0 170 170
p/without_mask_2423.jpg 1 0 0 194 259
p/without_mask_2424.jpg 1 0 0 151 127
p/without_mask_2425.jpg 1 0 0 265 190
p/without_mask_2426.jpg 1 0 0 190 265
p/without_mask_2427.jpg 1 0 0 275 183
p/without_mask_2428.jpg 1 0 0 202 249
p/without_mask_2429.jpg 1 0 0 194 259
p/without_mask_2430.jpg 1 0 0 183 275
p/without_mask_2431.jpg 1 0 0 256 197
p/without_mask_2432.jpg 1 0 0 194 259
p/without_mask_2433.jpg 1 0 0 183 194
p/without_mask_2434.jpg 1 0 0 265 190
p/without_mask_2435.jpg 1 0 0 158 134
p/without_mask_2436.jpg 1 0 0 225 225
p/without_mask_2437.jpg 1 0 0 191 264
p/without_mask_2438.jpg 1 0 0 273 184
p/without_mask_2439.jpg 1 0 0 275 183
p/without_mask_2440.jpg 1 0 0 183 250
p/without_mask_2441.jpg 1 0 0 284 177
p/without_mask_2442.jpg 1 0 0 275 183
p/without_mask_2443.jpg 1 0 0 212 238
p/without_mask_2444.jpg 1 0 0 177 284
p/without_mask_2445.jpg 1 0 0 194 259
p/without_mask_2446.jpg 1 0 0 158 154
p/without_mask_2447.jpg 1 0 0 137 137
p/without_mask_2448.jpg 1 0 0 214 236
p/without_mask_2449.jpg 1 0 0 236 213
p/without_mask_2450.jpg 1 0 0 259 194
p/without_mask_2451.jpg 1 0 0 259 194
p/without_mask_2452.jpg 1 0 0 189 267
p/without_mask_2453.jpg 1 0 0 177 285
p/without_mask_2454.jpg 1 0 0 225 225
p/without_mask_2455.jpg 1 0 0 335 150
p/without_mask_2456.jpg 1 0 0 259 194
p/without_mask_2457.jpg 1 0 0 225 225
p/without_mask_2458.jpg 1 0 0 144 139
p/without_mask_2459.jpg 1 0 0 201 251
p/without_mask_2460.jpg 1 0 0 225 225
p/without_mask_2461.jpg 1 0 0 181 278
p/without_mask_2462.jpg 1 0 0 277 182
p/without_mask_2463.jpg 1 0 0 180 280
p/without_mask_2464.jpg 1 0 0 225 225
p/without_mask_2465.jpg 1 0 0 184 274
p/without_mask_2466.jpg 1 0 0 300 168
p/without_mask_2467.jpg 1 0 0 224 225
p/without_mask_2468.jpg 1 0 0 279 181
p/without_mask_2469.jpg 1 0 0 128 130
p/without_mask_2470.jpg 1 0 0 225 225
p/without_mask_2471.jpg 1 0 0 225 225
p/without_mask_2472.jpg 1 0 0 329 153
p/without_mask_2473.jpg 1 0 0 259 194
p/without_mask_2474.jpg 1 0 0 300 168
p/without_mask_2475.jpg 1 0 0 183 275
p/without_mask_2476.jpg 1 0 0 100 100
p/without_mask_2477.jpg 1 0 0 274 184
p/without_mask_2478.jpg 1 0 0 259 194
p/without_mask_2479.jpg 1 0 0 291 173
p/without_mask_2480.jpg 1 0 0 140 97
p/without_mask_2481.jpg 1 0 0 194 260
p/without_mask_2482.jpg 1 0 0 225 225
p/without_mask_2483.jpg 1 0 0 369 137
p/without_mask_2484.jpg 1 0 0 188 268
p/without_mask_2485.jpg 1 0 0 300 168
p/without_mask_2486.jpg 1 0 0 183 275
p/without_mask_2487.jpg 1 0 0 275 183
p/without_mask_2488.jpg 1 0 0 275 183
p/without_mask_2489.jpg 1 0 0 183 275
p/without_mask_2490.jpg 1 0 0 225 225
p/without_mask_2491.jpg 1 0 0 141 137
p/without_mask_2492.jpg 1 0 0 100 100
p/without_mask_2493.jpg 1 0 0 300 168
p/without_mask_2494.jpg 1 0 0 318 159
p/without_mask_2495.jpg 1 0 0 300 168
p/without_mask_2496.jpg 1 0 0 186 271
p/without_mask_2497.jpg 1 0 0 212 238
p/without_mask_2498.jpg 1 0 0 241 209
p/without_mask_2499.jpg 1 0 0 218 231
p/without_mask_2500.jpg 1 0 0 233 217
p/without_mask_2501.jpg 1 0 0 275 183
p/without_mask_2502.jpg 1 0 0 144 124
p/without_mask_2503.jpg 1 0 0 248 203
p/without_mask_2504.jpg 1 0 0 183 275
p/without_mask_2505.jpg 1 0 0 300 168
p/without_mask_2506.jpg 1 0 0 312 162
p/without_mask_2507.jpg 1 0 0 275 183
p/without_mask_2508.jpg 1 0 0 275 183
p/without_mask_2509.jpg 1 0 0 225 225
p/without_mask_2510.jpg 1 0 0 194 259
p/without_mask_2511.jpg 1 0 0 214 236
p/without_mask_2512.jpg 1 0 0 201 251
p/without_mask_2513.jpg 1 0 0 144 134
p/without_mask_2514.jpg 1 0 0 217 232
p/without_mask_2515.jpg 1 0 0 230 200
p/without_mask_2516.jpg 1 0 0 177 285
p/without_mask_2517.jpg 1 0 0 188 269
p/without_mask_2518.jpg 1 0 0 194 259
p/without_mask_2519.jpg 1 0 0 328 154
p/without_mask_2520.jpg 1 0 0 229 220
p/without_mask_2521.jpg 1 0 0 275 183
p/without_mask_2522.jpg 1 0 0 318 159
p/without_mask_2523.jpg 1 0 0 256 197
p/without_mask_2524.jpg 1 0 0 150 134
p/without_mask_2525.jpg 1 0 0 300 168
p/without_mask_2526.jpg 1 0 0 242 208
p/without_mask_2527.jpg 1 0 0 259 195
p/without_mask_2528.jpg 1 0 0 198 254
p/without_mask_2529.jpg 1 0 0 178 283
p/without_mask_2530.jpg 1 0 0 300 168
p/without_mask_2531.jpg 1 0 0 279 180
p/without_mask_2532.jpg 1 0 0 260 194
p/without_mask_2533.jpg 1 0 0 225 225
p/without_mask_2534.jpg 1 0 0 225 225
p/without_mask_2535.jpg 1 0 0 160 144
p/without_mask_2536.jpg 1 0 0 225 225
p/without_mask_2537.jpg 1 0 0 302 167
p/without_mask_2538.jpg 1 0 0 275 183
p/without_mask_2539.jpg 1 0 0 225 224
p/without_mask_2540.jpg 1 0 0 264 191
p/without_mask_2541.jpg 1 0 0 282 179
p/without_mask_2542.jpg 1 0 0 225 225
p/without_mask_2543.jpg 1 0 0 275 183
p/without_mask_2544.jpg 1 0 0 234 215
p/without_mask_2545.jpg 1 0 0 240 210
p/without_mask_2546.jpg 1 0 0 149 142
p/without_mask_2547.jpg 1 0 0 225 225
p/without_mask_2548.jpg 1 0 0 225 225
p/without_mask_2549.jpg 1 0 0 155 325
p/without_mask_2550.jpg 1 0 0 310 163
p/without_mask_2551.jpg 1 0 0 329 153
p/without_mask_2552.jpg 1 0 0 225 225
p/without_mask_2572.jpg 1 0 0 275 183
p/without_mask_2573.jpg 1 0 0 383 131
p/without_mask_2574.jpg 1 0 0 225 225
p/without_mask_2594.jpg 1 0 0 184 274
p/without_mask_2595.jpg 1 0 0 225 225
p/without_mask_2596.jpg 1 0 0 259 194
p/without_mask_2616.jpg 1 0 0 177 285
p/without_mask_2617.jpg 1 0 0 196 257
p/without_mask_2618.jpg 1 0 0 310 163
p/without_mask_2638.jpg 1 0 0 192 262
p/without_mask_2639.jpg 1 0 0 194 259
p/without_mask_2640.jpg 1 0 0 183 275
p/without_mask_2660.jpg 1 0 0 265 190
p/without_mask_2661.jpg 1 0 0 177 285
p/without_mask_1009.jpg 1 0 0 473 439
p/without_mask_1010.jpg 1 0 0 360 140
p/without_mask_1011.jpg 1 0 0 225 225
p/without_mask_1012.jpg 1 0 0 320 428
p/without_mask_1031.jpg 1 0 0 100 100
p/without_mask_1032.jpg 1 0 0 320 428
p/without_mask_1033.jpg 1 0 0 100 100
p/without_mask_1034.jpg 1 0 0 225 225
p/without_mask_1053.jpg 1 0 0 186 271
p/without_mask_1054.jpg 1 0 0 224 240
p/without_mask_1055.jpg 1 0 0 229 220
p/without_mask_1056.jpg 1 0 0 183 275
p/without_mask_1075.jpg 1 0 0 275 183
p/without_mask_1076.jpg 1 0 0 209 258
p/without_mask_1077.jpg 1 0 0 187 269
p/without_mask_1078.jpg 1 0 0 225 225
p/without_mask_1097.jpg 1 0 0 531 800
p/without_mask_1098.jpg 1 0 0 283 178
p/without_mask_1099.jpg 1 0 0 265 190
p/without_mask_1100.jpg 1 0 0 183 275
p/without_mask_1119.jpg 1 0 0 320 428
p/without_mask_1120.jpg 1 0 0 183 275
p/without_mask_1121.jpg 1 0 0 228 221
p/without_mask_1122.jpg 1 0 0 263 192
p/without_mask_1123.jpg 1 0 0 294 171
p/without_mask_1124.jpg 1 0 0 327 433
p/without_mask_1125.jpg 1 0 0 122 126
p/without_mask_1126.jpg 1 0 0 259 194
p/without_mask_1127.jpg 1 0 0 227 222
p/without_mask_1128.jpg 1 0 0 459 446
p/without_mask_1129.jpg 1 0 0 183 275
p/without_mask_1130.jpg 1 0 0 327 433
p/without_mask_1131.jpg 1 0 0 183 275
p/without_mask_1132.jpg 1 0 0 225 225
p/without_mask_1133.jpg 1 0 0 275 183
p/without_mask_1134.jpg 1 0 0 198 254
p/without_mask_1135.jpg 1 0 0 200 225
p/without_mask_1136.jpg 1 0 0 125 147
p/without_mask_1137.jpg 1 0 0 204 248
p/without_mask_1138.jpg 1 0 0 194 259
p/without_mask_1139.jpg 1 0 0 275 183
p/without_mask_1140.jpg 1 0 0 201 251
p/without_mask_1141.jpg 1 0 0 225 225
p/without_mask_1142.jpg 1 0 0 225 225
p/without_mask_1143.jpg 1 0 0 174 289
p/without_mask_1144.jpg 1 0 0 327 433
p/without_mask_1145.jpg 1 0 0 327 433
p/without_mask_1146.jpg 1 0 0 327 433
p/without_mask_1147.jpg 1 0 0 149 119
p/without_mask_1148.jpg 1 0 0 199 254
p/without_mask_1149.jpg 1 0 0 199 254
p/without_mask_1150.jpg 1 0 0 199 254
p/without_mask_1151.jpg 1 0 0 320 428
p/without_mask_1152.jpg 1 0 0 320 428
p/without_mask_1153.jpg 1 0 0 320 428
p/without_mask_1154.jpg 1 0 0 320 428
p/without_mask_1155.jpg 1 0 0 320 428
p/without_mask_1156.jpg 1 0 0 320 428
p/without_mask_1157.jpg 1 0 0 320 428
p/without_mask_1158.jpg 1 0 0 114 157
p/without_mask_1159.jpg 1 0 0 320 428
p/without_mask_1160.jpg 1 0 0 320 428
p/without_mask_1161.jpg 1 0 0 320 428
p/without_mask_1162.jpg 1 0 0 184 274
p/without_mask_1163.jpg 1 0 0 320 428
p/without_mask_1164.jpg 1 0 0 320 428
p/without_mask_1165.jpg 1 0 0 320 428
p/without_mask_1166.jpg 1 0 0 320 428
p/without_mask_1167.jpg 1 0 0 320 428
p/without_mask_1168.jpg 1 0 0 320 428
p/without_mask_1169.jpg 1 0 0 154 134
p/without_mask_1170.jpg 1 0 0 320 428
p/without_mask_1171.jpg 1 0 0 320 428
p/without_mask_1172.jpg 1 0 0 320 433
p/without_mask_1173.jpg 1 0 0 320 433
p/without_mask_1174.jpg 1 0 0 320 428
p/without_mask_1175.jpg 1 0 0 320 433
p/without_mask_1176.jpg 1 0 0 320 433
p/without_mask_1177.jpg 1 0 0 320 433
p/without_mask_1178.jpg 1 0 0 540 720
p/without_mask_1179.jpg 1 0 0 540 720
p/without_mask_1180.jpg 1 0 0 156 147
p/without_mask_1181.jpg 1 0 0 540 720
p/without_mask_1182.jpg 1 0 0 540 720
p/without_mask_1183.jpg 1 0 0 320 428
p/without_mask_1184.jpg 1 0 0 320 428
p/without_mask_1185.jpg 1 0 0 320 428
p/without_mask_1186.jpg 1 0 0 320 428
p/without_mask_1187.jpg 1 0 0 320 428
p/without_mask_1188.jpg 1 0 0 320 428
p/without_mask_1189.jpg 1 0 0 290 417
p/without_mask_1190.jpg 1 0 0 290 417
p/without_mask_1191.jpg 1 0 0 126 133
p/without_mask_1192.jpg 1 0 0 290 417
p/without_mask_1193.jpg 1 0 0 290 417
p/without_mask_1194.jpg 1 0 0 271 338
p/without_mask_1195.jpg 1 0 0 271 338
p/without_mask_1196.jpg 1 0 0 271 338
p/without_mask_1197.jpg 1 0 0 320 428
p/without_mask_1198.jpg 1 0 0 320 428
p/without_mask_1199.jpg 1 0 0 320 433
p/without_mask_1200.jpg 1 0 0 320 433
p/without_mask_1201.jpg 1 0 0 320 433
p/without_mask_1202.jpg 1 0 0 151 146
p/without_mask_1203.jpg 1 0 0 320 433